C:\Users\dswle_000\Documents\massprfmss\macprf_mss\reveiwers\simulations\msdir\ms.exe 101 20 -T -t 0.36 -I 2 1 100 -ma 0 0 0 0 -ej 7.5 2 1 -en .1 2 5 
16780

//
(1:7.977,(((((78:0.015,(19:0.000,22:0.000):0.015):0.007,((23:0.006,89:0.006):0.016,(12:0.012,(76:0.002,94:0.002):0.010):0.010):0.000):0.073,(62:0.033,(39:0.025,(61:0.005,79:0.005):0.020):0.008):0.062):1.625,(((100:0.071,(6:0.009,(8:0.001,63:0.001):0.007):0.063):0.044,(26:0.096,(((67:0.005,99:0.005):0.016,((46:0.009,(38:0.007,(31:0.003,71:0.003):0.005):0.002):0.011,((37:0.002,77:0.002):0.010,((21:0.002,30:0.002):0.007,(56:0.008,84:0.008):0.001):0.004):0.008):0.001):0.013,(72:0.025,(50:0.016,96:0.016):0.009):0.008):0.063):0.019):0.456,((42:0.000,44:0.000):0.270,(((40:0.002,75:0.002):0.005,(17:0.004,(14:0.001,88:0.001):0.003):0.003):0.046,(93:0.011,((34:0.001,(9:0.001,36:0.001):0.000):0.004,(81:0.002,(51:0.001,82:0.001):0.001):0.003):0.006):0.041):0.219):0.301):1.149):6.039,((((58:0.016,(4:0.006,70:0.006):0.009):0.002,(55:0.017,(7:0.006,52:0.006):0.012):0.001):0.017,(15:0.025,(28:0.003,95:0.003):0.022):0.009):2.821,(((24:0.013,74:0.013):0.008,(69:0.021,(80:0.008,(54:0.005,(60:0.005,92:0.005):0.001):0.003):0.013):0.000):0.390,(((11:0.015,(83:0.003,(13:0.003,48:0.003):0.000):0.012):0.006,(3:0.020,5:0.020):0.001):0.271,(((33:0.013,((18:0.002,20:0.002):0.008,((57:0.006,(35:0.000,64:0.000):0.006):0.002,(86:0.006,(27:0.003,87:0.003):0.003):0.001):0.003):0.002):0.068,(73:0.016,(47:0.011,59:0.011):0.006):0.064):0.135,((((53:0.003,98:0.003):0.003,(41:0.003,91:0.003):0.002):0.033,(43:0.024,(29:0.007,(90:0.004,101:0.004):0.002):0.017):0.015):0.136,((68:0.016,(25:0.011,(85:0.006,(2:0.003,45:0.003):0.003):0.005):0.005):0.066,((66:0.000,97:0.000):0.055,(10:0.050,((16:0.011,32:0.011):0.017,(49:0.019,65:0.019):0.009):0.022):0.006):0.026):0.093):0.040):0.076):0.119):2.445):4.904):0.217);
segsites: 14
positions: 0.1582 0.3426 0.4309 0.5056 0.5207 0.5238 0.5830 0.6096 0.6507 0.8276 0.8859 0.9030 0.9323 0.9723 
00100001000000
10001000010100
10001000010100
00001000010110
10001000010100
00000110000000
00001000010110
00000110000000
00010110000000
10001000010100
10001000010100
01000110001000
10001000010100
00010110000000
00001000010110
10001000010100
00010110000000
10001000010100
01000110001000
10001000010100
00000110000000
01000110001000
01000110001000
10001000010100
10001000010100
00000110000000
10001000010100
00001000010110
10001000010100
00000110000000
00000110000000
10001000010100
10001000010100
00010110000000
10001000010100
00010110000000
00000110000000
00000110000000
01000110001000
00010110000000
10001000010100
00010110000000
10001000010100
00010110000000
10001000010100
00000110000000
10001000110100
10001000010100
10001000010101
00000110000000
00010110000000
00001000010110
10001000010100
10001000010100
00001000010110
00000110000000
10001000010100
00001000010110
10001000110100
10001000010100
01000110001000
01000110001000
00000110000000
10001000010100
10001000010101
10001000010100
00000110000000
10001000010100
10001000010100
00001000010110
00000110000000
00000110000000
10001000110100
10001000010100
00010110000000
01000110001000
00000110000000
01000110001000
01000110001000
10001000010100
00010110000000
00010110000000
10001000010100
00000110000000
10001000010100
10001000010100
10001000010100
00010110000000
01000110001000
10001000010100
10001000010100
10001000010100
00010110000000
01000110001000
00001000010110
00000110000000
10001000010100
10001000010100
00000110000000
00000110000000
10001000010100

//
(1:7.586,(((32:0.296,((78:0.025,((54:0.011,(53:0.005,97:0.005):0.005):0.005,(31:0.011,56:0.011):0.005):0.010):0.156,(((68:0.005,(36:0.001,65:0.001):0.004):0.016,(80:0.008,(2:0.004,(11:0.002,89:0.002):0.002):0.004):0.013):0.065,((48:0.049,((7:0.005,(20:0.004,26:0.004):0.001):0.002,((96:0.002,(21:0.000,90:0.000):0.002):0.004,(61:0.004,(67:0.004,94:0.004):0.000):0.002):0.000):0.042):0.021,((25:0.002,85:0.002):0.060,((13:0.031,((29:0.016,(15:0.014,(62:0.010,(46:0.006,79:0.006):0.003):0.005):0.001):0.013,((73:0.004,(70:0.004,(14:0.004,57:0.004):0.001):0.000):0.013,(24:0.007,(9:0.004,100:0.004):0.003):0.010):0.011):0.003):0.014,((6:0.004,(28:0.002,49:0.002):0.002):0.033,(69:0.005,(44:0.003,63:0.003):0.002):0.033):0.008):0.018):0.007):0.016):0.095):0.114):0.841,((((16:0.008,30:0.008):0.007,((10:0.001,34:0.001):0.012,(4:0.003,37:0.003):0.010):0.001):0.070,(64:0.024,((19:0.007,(22:0.002,59:0.002):0.005):0.005,(92:0.010,(88:0.004,(23:0.003,41:0.003):0.001):0.007):0.002):0.012):0.062):0.798,((((51:0.003,75:0.003):0.002,((12:0.000,40:0.000):0.003,(33:0.001,101:0.001):0.003):0.001):0.030,(17:0.009,(91:0.001,(45:0.001,72:0.001):0.000):0.008):0.025):0.417,((71:0.007,81:0.007):0.036,(47:0.017,99:0.017):0.025):0.408):0.433):0.252):4.427,(((8:0.021,((66:0.002,95:0.002):0.011,(35:0.004,(38:0.000,86:0.000):0.004):0.009):0.008):0.078,((39:0.005,(77:0.001,(18:0.000,83:0.000):0.001):0.004):0.080,(50:0.035,(55:0.007,(82:0.003,84:0.003):0.003):0.028):0.050):0.014):1.284,((58:0.060,((93:0.021,(27:0.000,60:0.000):0.021):0.035,(76:0.023,((74:0.001,87:0.001):0.019,(5:0.004,(52:0.003,98:0.003):0.002):0.016):0.003):0.033):0.003):0.262,(43:0.190,(3:0.005,42:0.005):0.185):0.132):1.061):4.180):2.022);
segsites: 8
positions: 0.0836 0.2219 0.2442 0.3560 0.4750 0.5650 0.6659 0.9835 
10010001
00101010
00101010
01101010
00101110
00101010
00101010
00101010
00101010
01101010
00101010
00101010
00101010
00101010
00101010
01101010
00101010
00101010
01101010
00101010
00101010
01101010
01101010
00101010
00101010
00101010
00101110
00101010
00101010
01101010
00101010
00101010
00101010
01101010
00101010
00101010
01101010
00101010
00101010
00101010
01101010
00101010
00101010
00101010
00101010
00101010
00101010
00101010
00101010
00101010
00101010
00101110
00101010
00101010
00101010
00101010
00101010
00101110
01101010
00101110
00101010
00101010
00101010
01101010
00101010
00101010
00101010
00101010
00101010
00101010
00101010
00101010
00101010
00101110
00101010
00101110
00101010
00101010
00101010
00101010
00101010
00101010
00101010
00101010
00101010
00101010
00101110
01101010
00101010
00101010
00101010
01101010
00101110
00101010
00101010
00101010
00101010
00101110
00101010
00101010
00101010

//
(1:8.432,(((((62:0.007,(38:0.000,72:0.000):0.007):0.037,(7:0.028,((32:0.005,94:0.005):0.005,(88:0.008,(33:0.001,50:0.001):0.007):0.002):0.018):0.017):0.619,((14:0.224,(((27:0.004,89:0.004):0.015,((39:0.002,(17:0.000,87:0.000):0.002):0.003,(82:0.005,(47:0.002,85:0.002):0.003):0.000):0.014):0.016,((22:0.015,(44:0.000,55:0.000):0.015):0.019,((15:0.010,97:0.010):0.022,((21:0.005,(79:0.005,(5:0.001,93:0.001):0.004):0.000):0.013,(90:0.008,(35:0.004,(11:0.001,83:0.001):0.003):0.004):0.010):0.015):0.001):0.002):0.188):0.183,(18:0.274,(36:0.060,((52:0.004,(26:0.002,56:0.002):0.002):0.010,((84:0.002,(51:0.002,100:0.002):0.000):0.003,((6:0.002,8:0.002):0.002,(30:0.003,43:0.003):0.002):0.001):0.008):0.047):0.214):0.132):0.257):0.022,((12:0.003,(81:0.001,101:0.001):0.001):0.680,((49:0.002,91:0.002):0.522,(((40:0.003,(9:0.001,75:0.001):0.002):0.029,((24:0.001,63:0.001):0.030,(60:0.003,(34:0.001,57:0.001):0.002):0.028):0.001):0.092,((((13:0.006,76:0.006):0.014,(3:0.011,31:0.011):0.009):0.020,(((95:0.009,(66:0.007,(19:0.003,58:0.003):0.005):0.002):0.003,(80:0.012,(23:0.003,64:0.003):0.009):0.000):0.012,(28:0.020,78:0.020):0.004):0.016):0.024,((20:0.002,(10:0.002,68:0.002):0.000):0.039,(61:0.006,(16:0.002,45:0.002):0.004):0.034):0.024):0.060):0.400):0.158):0.003):1.979,(((65:0.020,92:0.020):0.052,(((37:0.002,41:0.002):0.033,(71:0.034,((46:0.002,74:0.002):0.008,(4:0.005,(2:0.002,96:0.002):0.003):0.006):0.023):0.000):0.038,(70:0.066,(69:0.003,73:0.003):0.063):0.006):0.001):1.224,(((25:0.025,67:0.025):0.015,(42:0.028,53:0.028):0.012):0.835,((29:0.013,(86:0.003,(48:0.003,98:0.003):0.001):0.010):0.058,((54:0.000,59:0.000):0.026,(77:0.003,99:0.003):0.023):0.045):0.804):0.422):1.368):5.767);
segsites: 13
positions: 0.1609 0.1624 0.1913 0.2776 0.3372 0.4000 0.5757 0.7916 0.8149 0.8304 0.8726 0.9306 0.9640 
0011001001000
0100000010110
0100000010100
0100000010110
0100000010100
0100000010100
0100000010100
0100000010100
0100000010100
0100100010100
0100000010100
0100000010100
0100000010100
0100000010101
0100000010100
0100100010100
0100000010100
0100000010100
0100000010100
0100100010100
0100000010100
0100000010100
0100000010100
0100000010100
0100000010100
0100000010100
0100000010100
0100000010100
0100000010100
0100000010100
0100000010100
0100000010100
0100000010100
0100000010100
0100000010100
0100000010100
0100000010110
0100000010100
0100000010100
0100000010100
0100000010110
0100000110100
0100000010100
0100000010100
0100100010100
0100000010110
0100000010100
0100000010100
0100010010100
0100000010100
0100000010100
0100000010100
0100000110100
0100000010100
0100000010100
0100000010100
0100000010100
0100000010100
0100000010100
0100000010100
0100100010100
0100000010100
0100000010100
0100000010100
0100000010100
0100000010100
0100000010100
0100100010100
0100000010100
0100000010100
0100000010110
0100000010100
0100000010100
0100000010110
0100000010100
0100000010100
1100000010100
0100000010100
0100000010100
0100000010100
0100000010100
0100000010100
0100000010100
0100000010100
0100000010100
0100000010100
0100000010100
0100000010100
0100000010100
0100000010100
0100010010100
0100000010100
0100000010100
0100000010100
0100000010100
0100000010110
0100000010100
0100000010100
1100000010100
0100000010100
0100000010100

//
(1:8.671,((((34:0.002,93:0.002):0.020,(89:0.016,(40:0.005,(16:0.003,68:0.003):0.002):0.011):0.006):0.903,(20:0.042,((53:0.005,(24:0.003,58:0.003):0.002):0.016,((31:0.001,63:0.001):0.014,(57:0.011,(18:0.004,81:0.004):0.007):0.004):0.006):0.021):0.883):1.582,((21:0.265,(((30:0.001,72:0.001):0.014,(71:0.001,90:0.001):0.013):0.053,(35:0.047,((29:0.006,95:0.006):0.027,(50:0.006,(36:0.005,62:0.005):0.001):0.026):0.014):0.021):0.198):1.015,((((6:0.018,(39:0.008,(3:0.005,26:0.005):0.002):0.011):0.034,((4:0.003,45:0.003):0.018,(2:0.020,(14:0.020,87:0.020):0.000):0.000):0.032):0.987,(64:0.440,(86:0.006,91:0.006):0.434):0.600):0.221,((((17:0.002,(70:0.001,85:0.001):0.001):0.012,(32:0.003,56:0.003):0.010):0.049,(15:0.047,(94:0.037,(84:0.020,(78:0.011,(42:0.007,79:0.007):0.004):0.009):0.017):0.010):0.016):1.136,((((33:0.001,69:0.001):0.036,(92:0.015,101:0.015):0.022):0.049,((((51:0.004,82:0.004):0.003,(74:0.005,(9:0.003,76:0.003):0.002):0.003):0.033,(55:0.025,60:0.025):0.016):0.028,((23:0.040,((44:0.000,80:0.000):0.021,(59:0.009,(37:0.005,(52:0.003,54:0.003):0.002):0.004):0.012):0.018):0.021,((41:0.001,(65:0.000,(5:0.000,67:0.000):0.000):0.000):0.043,((28:0.001,49:0.001):0.029,(22:0.014,73:0.014):0.017):0.014):0.017):0.008):0.017):0.554,((7:0.001,11:0.001):0.590,(88:0.477,((19:0.034,(27:0.023,47:0.023):0.011):0.022,(((43:0.003,46:0.003):0.023,((13:0.001,75:0.001):0.003,(8:0.003,77:0.003):0.001):0.021):0.013,(97:0.029,((12:0.001,96:0.001):0.023,(48:0.010,((25:0.007,(83:0.004,(38:0.003,(61:0.001,(10:0.001,66:0.001):0.000):0.002):0.000):0.003):0.002,(98:0.008,(99:0.000,100:0.000):0.008):0.001):0.001):0.015):0.004):0.009):0.019):0.421):0.114):0.048):0.559):0.063):0.020):1.226):6.164);
segsites: 10
positions: 0.1813 0.1918 0.4148 0.4839 0.5600 0.5948 0.7573 0.8413 0.8886 0.9994 
1111000111
0000101000
0000101000
0000101000
0000101000
0000101000
0000101000
0000101000
0000101000
0000101000
0000101000
0000101000
0000101000
0000101000
0000101000
0000100000
0000101000
0000100000
0000101000
0000100000
0000101000
0000101000
0000101000
0000100000
0000101000
0000101000
0000101000
0000101000
0000101000
0000101000
0000100000
0000101000
0000101000
0000100000
0000101000
0000101000
0000101000
0000101000
0000101000
0000100000
0000101000
0000101000
0000101000
0000101000
0000101000
0000101000
0000101000
0000101000
0000101000
0000101000
0000101000
0000101000
0000100000
0000101000
0000101000
0000101000
0000100000
0000100000
0000101000
0000101000
0000101000
0000101000
0000100000
0000111000
0000101000
0000101000
0000101000
0000100000
0000101000
0000101000
0000101000
0000101000
0000101000
0000101000
0000101000
0000101000
0000101000
0000101000
0000101000
0000101000
0000100000
0000101000
0000101000
0000101000
0000101000
0000111000
0000101000
0000101000
0000100000
0000101000
0000111000
0000101000
0000100000
0000101000
0000101000
0000101000
0000101000
0000101000
0000101000
0000101000
0000101000

//
(1:8.592,(((31:0.023,(5:0.008,73:0.008):0.015):0.297,((25:0.015,(35:0.005,(40:0.000,50:0.000):0.005):0.009):0.103,(32:0.019,(9:0.004,59:0.004):0.015):0.098):0.203):1.028,(((14:0.003,(26:0.002,83:0.002):0.001):0.370,(((84:0.015,((15:0.003,24:0.003):0.012,(20:0.011,68:0.011):0.004):0.000):0.013,(93:0.020,(90:0.005,(64:0.003,(18:0.001,21:0.001):0.002):0.002):0.015):0.008):0.045,(41:0.031,((77:0.007,(71:0.006,(7:0.003,(42:0.000,82:0.000):0.003):0.003):0.000):0.002,(2:0.007,13:0.007):0.002):0.022):0.042):0.300):0.786,((98:0.048,(81:0.030,(55:0.002,65:0.002):0.028):0.018):0.718,(((58:0.075,(44:0.006,(69:0.003,95:0.003):0.004):0.068):0.153,(((((45:0.001,(23:0.000,99:0.000):0.001):0.014,((12:0.003,51:0.003):0.008,((34:0.006,86:0.006):0.002,(56:0.006,76:0.006):0.002):0.003):0.004):0.014,((54:0.007,(52:0.004,(63:0.003,72:0.003):0.002):0.002):0.017,(48:0.020,(8:0.012,(11:0.004,((85:0.000,97:0.000):0.003,(10:0.003,(19:0.001,70:0.001):0.002):0.000):0.001):0.008):0.008):0.003):0.005):0.014,(16:0.031,(4:0.010,(79:0.003,100:0.003):0.007):0.021):0.012):0.084,(60:0.077,(39:0.009,43:0.009):0.067):0.051):0.100):0.089,(((80:0.005,92:0.005):0.031,((78:0.000,89:0.000):0.027,(((91:0.008,(47:0.000,53:0.000):0.008):0.003,(49:0.008,57:0.008):0.002):0.016,((28:0.003,(17:0.002,62:0.002):0.001):0.023,((88:0.001,101:0.001):0.008,(3:0.005,75:0.005):0.004):0.016):0.001):0.000):0.008):0.274,((37:0.045,67:0.045):0.032,((87:0.032,(46:0.012,(6:0.010,(22:0.006,(29:0.001,38:0.001):0.005):0.004):0.002):0.020):0.018,(66:0.034,(((74:0.001,96:0.001):0.012,(94:0.003,(30:0.002,36:0.002):0.002):0.010):0.008,(61:0.016,(27:0.003,33:0.003):0.013):0.005):0.013):0.017):0.026):0.232):0.007):0.450):0.392):0.190):7.243);
segsites: 10
positions: 0.0993 0.1083 0.1821 0.1945 0.4054 0.5042 0.7176 0.9156 0.9324 0.9527 
0010000000
0101111110
0101110111
0101110111
0101110110
0101110111
0101111110
0101110111
1101110110
0101110111
0101110111
0101110111
0101111110
0101110110
0101111110
0101110111
0101110111
0101111110
0101110111
0101111110
0101111110
0101110111
0101110111
0101111110
1101110110
0101110110
0101110111
0101110111
0101110111
0101110111
0101110110
1101110110
0101110111
0101110111
1101110110
0101110111
0101110111
0101110111
0101110111
1101110110
0101111110
0101111110
0101110111
0101110111
0101110111
0101110111
0101110111
0101110111
0101110111
1101110110
0101110111
0101110111
0101110111
0101110111
0101110110
0101110111
0101110111
0101110111
1101110110
0101110111
0101110111
0101110111
0101110111
0101111110
0101110110
0101110111
0101110111
0101111110
0101110111
0101110111
0101111110
0101110111
0101110110
0101110111
0101110111
0101110111
0101111110
0101110111
0101110111
0101110111
0101110110
0101111110
0101110110
0101111110
0101110111
0101110111
0101110111
0101110111
0101110111
0101111110
0101110111
0101110111
0101111110
0101110111
0101110111
0101110111
0101110111
0101110110
0101110111
0101110111
0101110111

//
(1:7.890,(((65:0.026,(42:0.008,85:0.008):0.018):0.506,((12:0.020,22:0.020):0.017,((25:0.007,(39:0.002,(30:0.001,31:0.001):0.002):0.005):0.025,(55:0.012,((79:0.003,(5:0.001,11:0.001):0.002):0.001,(97:0.004,(32:0.002,73:0.002):0.002):0.000):0.008):0.019):0.005):0.495):4.741,((76:0.013,(33:0.008,46:0.008):0.005):3.163,(((((47:0.012,83:0.012):0.008,(24:0.013,(54:0.013,((71:0.000,89:0.000):0.007,(67:0.001,(49:0.000,81:0.000):0.001):0.006):0.005):0.000):0.008):0.026,(((60:0.007,63:0.007):0.011,(90:0.012,93:0.012):0.006):0.020,((57:0.007,78:0.007):0.021,(86:0.023,100:0.023):0.005):0.010):0.009):0.032,((7:0.002,92:0.002):0.060,(35:0.027,(3:0.012,(66:0.007,(70:0.003,95:0.003):0.005):0.005):0.015):0.034):0.017):0.254,(((((16:0.002,40:0.002):0.008,((52:0.001,84:0.001):0.008,(58:0.009,(2:0.002,87:0.002):0.007):0.000):0.001):0.010,(29:0.016,(8:0.011,61:0.011):0.005):0.004):0.062,((((15:0.008,41:0.008):0.014,(4:0.009,17:0.009):0.013):0.008,((23:0.019,(37:0.002,59:0.002):0.017):0.008,(((50:0.003,51:0.003):0.013,(72:0.005,(10:0.001,68:0.001):0.003):0.012):0.011,(82:0.016,(44:0.007,(38:0.001,(14:0.000,64:0.000):0.001):0.006):0.009):0.011):0.000):0.003):0.051,((99:0.010,(19:0.006,20:0.006):0.004):0.046,((26:0.011,(13:0.003,101:0.003):0.008):0.042,((74:0.016,75:0.016):0.031,((91:0.002,98:0.002):0.017,(9:0.003,(77:0.002,80:0.002):0.000):0.017):0.027):0.006):0.003):0.025):0.001):0.092,((((21:0.003,56:0.003):0.003,(53:0.005,62:0.005):0.001):0.066,(18:0.014,48:0.014):0.058):0.098,((43:0.002,96:0.002):0.079,(36:0.074,((69:0.005,(6:0.002,(27:0.002,(34:0.001,45:0.001):0.001):0.001):0.002):0.014,(28:0.014,(88:0.005,94:0.005):0.009):0.005):0.055):0.007):0.089):0.004):0.158):2.843):2.097):2.618);
segsites: 7
positions: 0.0621 0.5124 0.5169 0.5965 0.7379 0.7470 0.9738 
1010010
0001000
0001000
0001000
0100000
0001000
0001000
0001000
0001000
0001000
0100000
0100000
0001000
0001000
0001000
0001000
0001000
0001000
0001000
0001000
0001000
0100000
0001000
0001000
0100000
0001000
0001000
0001000
0001000
0100000
0100000
0100000
0001101
0001000
0001000
0001000
0001000
0001000
0100000
0001000
0001000
0100000
0001000
0001000
0001000
0001101
0001000
0001000
0001000
0001000
0001000
0001000
0001000
0001000
0100000
0001000
0001000
0001000
0001000
0001000
0001000
0001000
0001000
0001000
0100000
0001000
0001000
0001000
0001000
0001000
0001000
0001000
0100000
0001000
0001000
0001101
0001000
0001000
0100000
0001000
0001000
0001000
0001000
0001000
0100000
0001000
0001000
0001000
0001000
0001000
0001000
0001000
0001000
0001000
0001000
0001000
0100000
0001000
0001000
0001000
0001000

//
(1:7.637,((54:0.868,((((39:0.002,100:0.002):0.010,((21:0.004,87:0.004):0.005,(6:0.006,44:0.006):0.003):0.003):0.022,((15:0.001,(55:0.000,89:0.000):0.001):0.015,((48:0.004,(91:0.001,(13:0.000,98:0.000):0.000):0.003):0.011,(31:0.011,93:0.011):0.004):0.001):0.017):0.513,(9:0.293,(((26:0.012,(36:0.007,(95:0.006,(3:0.005,90:0.005):0.001):0.001):0.005):0.045,(18:0.055,((19:0.002,(51:0.001,(8:0.001,11:0.001):0.000):0.000):0.052,((28:0.001,56:0.001):0.023,((65:0.013,(47:0.003,68:0.003):0.010):0.005,((82:0.001,96:0.001):0.015,(46:0.005,63:0.005):0.011):0.002):0.005):0.031):0.001):0.002):0.198,(71:0.067,(78:0.036,((43:0.001,53:0.001):0.027,(73:0.024,(85:0.005,(83:0.002,(2:0.002,80:0.002):0.000):0.003):0.020):0.003):0.009):0.031):0.188):0.038):0.254):0.321):2.256,((4:0.022,((52:0.004,(23:0.004,(49:0.002,64:0.002):0.002):0.001):0.014,(12:0.009,(27:0.007,(10:0.000,22:0.000):0.007):0.002):0.009):0.004):1.236,((29:0.023,74:0.023):1.164,(((62:0.008,(14:0.000,33:0.000):0.008):0.066,(66:0.035,((7:0.009,(101:0.004,(60:0.003,84:0.003):0.000):0.005):0.018,(70:0.009,(24:0.007,25:0.007):0.002):0.018):0.008):0.038):0.190,(16:0.149,((((17:0.010,(50:0.006,97:0.006):0.004):0.034,(99:0.012,(88:0.000,94:0.000):0.012):0.032):0.021,(34:0.048,((76:0.010,(58:0.008,((37:0.002,(38:0.000,57:0.000):0.002):0.006,(72:0.003,(30:0.002,61:0.002):0.001):0.005):0.000):0.002):0.020,(75:0.011,(41:0.010,(79:0.006,92:0.006):0.004):0.001):0.019):0.017):0.017):0.057,(((40:0.011,(45:0.010,(32:0.006,77:0.006):0.004):0.001):0.026,((35:0.001,81:0.001):0.027,((5:0.000,69:0.000):0.023,(42:0.007,86:0.007):0.017):0.004):0.008):0.037,(59:0.046,(20:0.008,67:0.008):0.038):0.028):0.048):0.027):0.115):0.924):0.071):1.864):4.513);
segsites: 4
positions: 0.1479 0.1867 0.3825 0.7975 
0000
1100
1100
1000
1001
1100
1001
1100
1100
1000
1100
1000
1100
1001
1100
1011
1001
1100
1100
1001
1100
1000
1000
1001
1001
1100
1000
1100
1000
1001
1100
1001
1001
1001
1001
1100
1001
1001
1100
1001
1001
1001
1100
1100
1001
1100
1100
1100
1000
1001
1100
1000
1100
1100
1100
1100
1001
1001
1001
1001
1001
1001
1100
1000
1100
1001
1001
1100
1001
1001
1100
1001
1100
1000
1001
1001
1001
1100
1001
1100
1001
1100
1100
1001
1100
1001
1100
1001
1100
1100
1100
1001
1100
1001
1100
1100
1001
1100
1001
1100
1001

//
(1:7.802,(((7:0.022,8:0.022):0.178,(19:0.037,86:0.037):0.164):7.108,((((21:0.008,(12:0.000,83:0.000):0.008):0.075,((4:0.021,((78:0.002,79:0.002):0.013,(11:0.014,23:0.014):0.001):0.006):0.002,(5:0.021,94:0.021):0.001):0.061):0.528,((13:0.032,(55:0.017,(22:0.016,(36:0.011,54:0.011):0.005):0.001):0.016):0.061,(65:0.085,(((6:0.006,(3:0.001,66:0.001):0.004):0.013,(40:0.006,50:0.006):0.013):0.062,(81:0.051,(101:0.018,(58:0.015,(38:0.004,93:0.004):0.011):0.003):0.032):0.030):0.004):0.008):0.517):5.544,(((((10:0.020,((29:0.007,(73:0.005,(43:0.004,96:0.004):0.001):0.001):0.003,(28:0.007,76:0.007):0.003):0.011):0.035,((34:0.010,((70:0.003,85:0.003):0.004,(92:0.004,(57:0.004,(14:0.003,30:0.003):0.000):0.000):0.002):0.004):0.042,(60:0.028,(45:0.014,(42:0.003,((32:0.001,87:0.001):0.001,(35:0.001,67:0.001):0.001):0.002):0.011):0.014):0.025):0.003):0.008,((18:0.013,(89:0.005,(61:0.004,72:0.004):0.001):0.008):0.047,(((56:0.004,82:0.004):0.007,(51:0.007,90:0.007):0.004):0.012,(20:0.012,80:0.012):0.011):0.038):0.004):0.241,((((27:0.008,(48:0.006,(64:0.003,(52:0.001,74:0.001):0.002):0.003):0.002):0.006,(62:0.008,(16:0.005,71:0.005):0.003):0.006):0.001,(37:0.014,((15:0.001,75:0.001):0.004,(39:0.001,44:0.001):0.004):0.009):0.001):0.136,(33:0.034,(91:0.026,(31:0.025,(26:0.009,59:0.009):0.015):0.002):0.007):0.117):0.154):2.623,(((46:0.000,47:0.000):0.195,(69:0.039,((24:0.002,84:0.002):0.016,(63:0.010,(9:0.004,41:0.004):0.006):0.008):0.022):0.156):0.363,(((2:0.002,68:0.002):0.016,(98:0.009,(25:0.008,95:0.008):0.001):0.009):0.189,((77:0.014,(53:0.002,100:0.002):0.012):0.029,((97:0.005,99:0.005):0.028,(49:0.029,(17:0.011,88:0.011):0.018):0.004):0.011):0.163):0.352):2.370):3.227):1.154):0.493);
segsites: 14
positions: 0.0722 0.1007 0.1952 0.2175 0.2456 0.3862 0.6810 0.7643 0.7695 0.8657 0.8690 0.8869 0.9119 0.9192 
00001010100001
10010000000000
10000100000000
10000100001000
10000100001000
10000100000000
00000001010100
00000001010100
10010000000010
10010000000000
10000100001000
10000100001000
10000100000000
10010000000000
10010000000000
10010000000000
11010000000000
10010000000000
00000001010100
10010000000000
10000100001000
10000100000000
10000100001000
10010000000010
10010000000000
10010000000000
10010000000000
10010000000000
10010000000000
10010000000000
10110000000000
10010000000000
10010000000000
10010000000000
10010000000000
10000100000000
10010000000000
10000100000000
10010000000000
10000100000000
10010000000010
10010000000000
10010000000000
10010000000000
10010000000000
10010000000000
10010000000000
10010000000000
11010000000000
10000100000000
10010000000000
10010000000000
11010000000000
10000100000000
10000100000000
10010000000000
10010000000000
10000100000000
10010000000000
10010000000000
10010000000000
10010000000000
10010000000010
10010000000000
10000100000000
10000100000000
10010000000000
10010000000000
10010000000000
10010000000000
10010000000000
10010000000000
10010000000000
10010000000000
10010000000000
10010000000000
11010000000000
10000100001000
10000100001000
10010000000000
10000100000000
10010000000000
10000100001000
10010000000010
10010000000000
00000001010100
10010000000000
11010000000000
10010000000000
10010000000000
10010000000000
10010000000000
10000100000000
10000100001000
10010000000000
10010000000000
11010000000000
10010000000000
11010000000000
11010000000000
10000100000000

//
(1:7.599,((((83:0.010,(64:0.002,70:0.002):0.009):0.058,((49:0.010,(46:0.001,69:0.001):0.009):0.010,(9:0.011,16:0.011):0.009):0.048):1.132,((36:0.006,(85:0.000,93:0.000):0.006):0.089,((((33:0.002,84:0.002):0.004,(54:0.004,86:0.004):0.002):0.006,(32:0.011,(81:0.002,(15:0.001,51:0.001):0.001):0.008):0.002):0.044,(44:0.032,(30:0.005,(100:0.003,(35:0.002,74:0.002):0.001):0.002):0.028):0.024):0.039):1.105):2.786,(((((7:0.030,((61:0.000,72:0.000):0.016,((((19:0.003,(2:0.000,37:0.000):0.003):0.001,(8:0.005,(22:0.002,38:0.002):0.002):0.000):0.001,(53:0.006,91:0.006):0.000):0.005,(34:0.009,87:0.009):0.002):0.005):0.014):0.018,((75:0.008,(47:0.001,96:0.001):0.007):0.026,(82:0.016,(26:0.000,52:0.000):0.016):0.018):0.014):0.623,(39:0.058,71:0.058):0.613):0.460,((59:0.050,60:0.050):0.645,((11:0.000,41:0.000):0.596,(((63:0.006,65:0.006):0.020,((68:0.001,(23:0.000,24:0.000):0.001):0.018,(89:0.017,(50:0.013,76:0.013):0.004):0.002):0.007):0.138,((3:0.002,80:0.002):0.049,(57:0.044,(4:0.033,(18:0.012,(10:0.009,45:0.009):0.003):0.021):0.011):0.007):0.113):0.432):0.098):0.436):1.440,((((95:0.005,(12:0.004,(27:0.000,48:0.000):0.004):0.001):0.022,(43:0.009,(21:0.005,28:0.005):0.004):0.018):0.342,((67:0.020,(66:0.003,(5:0.003,73:0.003):0.001):0.017):0.023,((90:0.012,(58:0.002,97:0.002):0.010):0.011,((25:0.002,31:0.002):0.019,(14:0.017,(92:0.008,94:0.008):0.010):0.004):0.002):0.020):0.325):1.399,((20:0.031,(78:0.017,99:0.017):0.013):0.443,((6:0.010,(17:0.002,55:0.002):0.008):0.106,((77:0.005,(13:0.002,79:0.002):0.002):0.024,(((42:0.003,88:0.003):0.001,(29:0.003,56:0.003):0.001):0.021,(101:0.020,(98:0.008,(40:0.003,62:0.003):0.005):0.012):0.005):0.003):0.088):0.357):1.294):0.803):1.415):3.613);
segsites: 8
positions: 0.0893 0.1148 0.2684 0.5873 0.6076 0.6618 0.6687 0.7544 
00100001
00010100
10010100
10010100
00000100
00000100
00010100
00010100
00001000
10010100
01010100
00000100
00000100
00000100
00001000
00001000
00000100
10010100
00010100
00000100
00000100
00010100
10010100
10010100
00000100
00010100
00000100
00000100
00000100
00001000
00000100
00001000
00001000
00010100
00001000
00001000
00010100
00010100
00010100
00000100
01010100
00000100
00000100
00001000
10010100
00001000
00010100
00000100
00001000
10010100
00001000
00010100
00010100
00001000
00000100
00000100
10010100
00000100
00010100
00010100
00010100
00000100
10010100
00001000
10010100
00000100
00000100
10010100
00001000
00001000
00010100
00010100
00000100
00001000
00010100
10010100
00000100
00000100
00000100
10010100
00001000
00010100
00001000
00001000
00001000
00001000
00010100
00000100
10010100
00000100
00010100
00000100
00001000
00000100
00000100
00010110
00000100
00000100
00000100
00001000
00000100

//
(1:7.678,((((63:0.007,(27:0.003,(17:0.001,(62:0.000,101:0.000):0.001):0.002):0.004):0.017,((81:0.003,(65:0.002,99:0.002):0.002):0.017,(3:0.007,14:0.007):0.013):0.003):0.085,(((47:0.003,58:0.003):0.006,(24:0.003,(8:0.001,93:0.001):0.002):0.005):0.039,(15:0.047,((73:0.002,(68:0.001,98:0.001):0.000):0.020,(59:0.019,(53:0.011,77:0.011):0.007):0.003):0.025):0.000):0.062):6.517,((((37:0.016,(43:0.011,((75:0.003,76:0.003):0.004,(69:0.004,(36:0.002,52:0.002):0.002):0.004):0.004):0.004):0.257,(((42:0.006,96:0.006):0.015,(87:0.008,(72:0.002,(33:0.001,84:0.001):0.001):0.006):0.013):0.174,(11:0.029,(32:0.006,(13:0.006,66:0.006):0.000):0.023):0.166):0.078):0.420,((83:0.001,(9:0.001,51:0.001):0.000):0.298,((((39:0.001,85:0.001):0.025,(82:0.018,(44:0.012,70:0.012):0.006):0.008):0.048,((31:0.028,(94:0.007,(4:0.003,74:0.003):0.004):0.021):0.023,(55:0.035,(91:0.019,(5:0.011,(60:0.010,(28:0.008,(16:0.003,(71:0.002,89:0.002):0.001):0.005):0.002):0.001):0.007):0.016):0.016):0.023):0.064,((45:0.023,(10:0.014,57:0.014):0.009):0.074,((19:0.048,(41:0.007,(46:0.007,(7:0.003,56:0.003):0.003):0.001):0.041):0.049,((30:0.020,(25:0.008,48:0.008):0.012):0.046,(12:0.030,(35:0.028,((29:0.008,49:0.008):0.019,((34:0.015,(22:0.000,61:0.000):0.015):0.003,(((97:0.003,(38:0.002,64:0.002):0.001):0.002,(26:0.004,(2:0.002,23:0.002):0.002):0.001):0.012,(78:0.008,79:0.008):0.009):0.001):0.009):0.001):0.002):0.037):0.031):0.000):0.040):0.162):0.393):1.431,((54:0.012,(40:0.000,95:0.000):0.012):1.313,((100:0.044,((6:0.004,88:0.004):0.022,(90:0.016,(50:0.008,(86:0.002,(18:0.001,92:0.001):0.000):0.007):0.007):0.010):0.018):0.166,(20:0.049,(21:0.020,(67:0.002,80:0.002):0.018):0.029):0.161):1.115):0.798):4.502):1.052);
segsites: 9
positions: 0.0209 0.0974 0.1236 0.2823 0.4292 0.8335 0.8695 0.9124 0.9344 
000010000
010100001
001000110
010100001
010100001
010101000
010100001
001000110
010100000
010100001
010100000
110100001
010100000
001000110
001000110
010100001
001000110
010101000
010100001
010101000
010101000
010100001
010100001
001000110
010100001
010100001
001000110
010100001
010100001
010100001
010100001
010100000
010100000
010100001
010100001
010100000
010100000
010100001
010100001
010101000
010100001
010100000
010100000
010100001
010100001
010100001
001000110
010100001
010100001
010101000
010100000
010100000
001000110
010101000
010100001
010100001
010100001
001000110
001000110
010100001
010100001
001000110
001000110
010100001
001000110
010100000
010101000
001000110
010100000
010100001
010100001
010100000
001000110
010100001
010100000
010100000
001000110
010100001
010100001
010101000
001000110
010100001
010100000
010100000
010100001
010101000
010100000
010101000
010100001
010101000
010100001
010101000
001000110
010100001
010101000
010100000
010100001
001000110
001000110
010101000
001000110

//
((((24:0.002,67:0.002):0.022,((23:0.002,82:0.002):0.020,((97:0.008,(49:0.005,57:0.005):0.003):0.007,(100:0.014,(15:0.002,28:0.002):0.012):0.001):0.006):0.003):1.277,((9:0.002,69:0.002):0.866,((((26:0.000,(21:0.000,22:0.000):0.000):0.008,(39:0.007,74:0.007):0.002):0.327,((54:0.007,((2:0.001,86:0.001):0.005,(25:0.003,58:0.003):0.003):0.001):0.173,((8:0.003,94:0.003):0.070,((13:0.027,(19:0.007,(55:0.007,90:0.007):0.000):0.020):0.028,(12:0.028,((95:0.001,(46:0.001,75:0.001):0.001):0.026,(50:0.010,(4:0.003,91:0.003):0.007):0.017):0.001):0.026):0.018):0.108):0.155):0.417,((((42:0.006,(20:0.002,88:0.002):0.004):0.018,(101:0.007,(43:0.004,47:0.004):0.003):0.017):0.177,((77:0.003,(31:0.001,92:0.001):0.002):0.110,(68:0.092,(14:0.028,53:0.028):0.064):0.021):0.088):0.333,(((((11:0.010,98:0.010):0.004,(45:0.012,(7:0.006,(79:0.005,(35:0.002,76:0.002):0.003):0.001):0.006):0.002):0.005,(52:0.018,73:0.018):0.002):0.048,((18:0.019,((32:0.001,66:0.001):0.010,(33:0.002,40:0.002):0.009):0.008):0.030,(38:0.037,83:0.037):0.012):0.019):0.200,((27:0.015,(29:0.012,(37:0.006,51:0.006):0.006):0.003):0.062,((10:0.007,34:0.007):0.027,(((36:0.007,41:0.007):0.016,((60:0.010,(80:0.005,(71:0.004,99:0.004):0.001):0.005):0.007,(72:0.012,(44:0.004,(93:0.002,(62:0.000,85:0.000):0.002):0.001):0.008):0.005):0.007):0.009,(16:0.027,((30:0.008,(3:0.005,59:0.005):0.003):0.002,(84:0.009,(48:0.004,89:0.004):0.004):0.001):0.017):0.005):0.001):0.044):0.190):0.266):0.219):0.115):0.433):6.766,(1:7.608,((64:0.021,(61:0.016,(5:0.010,(63:0.007,(6:0.000,81:0.000):0.006):0.003):0.006):0.005):0.087,((65:0.015,87:0.015):0.029,((17:0.006,(70:0.004,78:0.004):0.002):0.019,(56:0.010,96:0.010):0.014):0.020):0.063):7.501):0.460);
segsites: 11
positions: 0.1239 0.2259 0.2404 0.4554 0.4794 0.5837 0.6411 0.6817 0.6861 0.7247 0.9795 
00100000001
00000111010
00000011010
00000011010
10011000100
10011000100
00000011010
00000011010
00000011010
00000011010
00000011010
00000011010
00000011010
00000011010
01000011010
00000011010
10011000100
00000011010
00000011010
00000011010
00000011010
00000011010
01000011010
01000011010
00000111010
00000011010
00000011010
01000011010
00000011010
00000011010
00000011010
00000011010
00000011010
00000011010
00000011010
00000011010
00000011010
00000011010
00000011010
00000011010
00000011010
00000011010
00000011010
00000011010
00000011010
00000011010
00000011010
00000011010
01000011010
00000011010
00000011010
00000011010
00000011010
00000111010
00000011010
10011000100
01000011010
00000111010
00000011010
00000011010
10011000100
00000011010
10011000100
10011000100
10011000100
00000011010
01000011010
00000011010
00000011010
10011000100
00000011010
00000011010
00000011010
00000011010
00000011010
00000011010
00000011010
10011000100
00000011010
00000011010
10011000100
01000011010
00000011010
00000011010
00000011010
00000111010
10011000100
00000011010
00000011010
00000011010
00000011010
00000011010
00000011010
00000011010
00000011010
10011000100
01000011010
00000011010
00000011010
01000011010
00000011010

//
(1:7.542,((58:0.009,(26:0.001,46:0.001):0.008):2.110,((36:0.075,((23:0.003,(79:0.001,87:0.001):0.001):0.005,((29:0.000,41:0.000):0.005,(47:0.002,51:0.002):0.003):0.002):0.067):1.864,((((65:0.008,(86:0.001,98:0.001):0.007):0.055,((7:0.008,(((69:0.003,85:0.003):0.001,(3:0.003,100:0.003):0.001):0.004,((6:0.002,31:0.002):0.003,(28:0.004,(30:0.004,71:0.004):0.000):0.002):0.002):0.001):0.051,(18:0.012,91:0.012):0.047):0.003):0.078,(76:0.090,((75:0.020,(16:0.016,(54:0.004,(72:0.002,81:0.002):0.002):0.013):0.004):0.032,(45:0.034,88:0.034):0.018):0.038):0.050):0.412,(((93:0.031,((66:0.003,(43:0.002,80:0.002):0.001):0.010,(49:0.012,(56:0.006,82:0.006):0.006):0.001):0.017):0.094,((((2:0.004,(20:0.003,(32:0.002,(11:0.001,96:0.001):0.000):0.001):0.001):0.010,(10:0.008,59:0.008):0.006):0.016,(74:0.027,(55:0.006,94:0.006):0.021):0.003):0.039,((77:0.013,(78:0.009,83:0.009):0.005):0.018,(((64:0.001,89:0.001):0.005,(24:0.003,(35:0.001,44:0.001):0.002):0.003):0.012,(67:0.014,(95:0.010,(25:0.007,(14:0.000,33:0.000):0.007):0.003):0.004):0.004):0.013):0.038):0.056):0.356,(9:0.300,(((39:0.009,48:0.009):0.046,(57:0.034,((40:0.019,(38:0.002,99:0.002):0.017):0.010,(22:0.023,(((21:0.000,52:0.000):0.002,(15:0.002,84:0.002):0.000):0.015,(50:0.017,101:0.017):0.000):0.005):0.006):0.005):0.021):0.027,(((34:0.002,(12:0.001,42:0.001):0.000):0.007,(8:0.005,(60:0.001,(13:0.000,68:0.000):0.001):0.004):0.003):0.066,(((27:0.009,(70:0.008,(90:0.005,(62:0.003,(19:0.000,53:0.000):0.003):0.002):0.003):0.001):0.018,((17:0.001,63:0.001):0.013,(5:0.004,((37:0.001,97:0.001):0.003,(4:0.002,61:0.002):0.001):0.001):0.010):0.013):0.017,(73:0.042,92:0.042):0.001):0.031):0.007):0.218):0.182):0.071):1.386):0.179):5.423);
segsites: 5
positions: 0.0068 0.0294 0.3842 0.7390 0.8818 
11000
00000
00000
00000
00000
00000
00000
00000
00000
00000
00000
00000
00000
00000
00000
00000
00000
00000
00000
00000
00000
00000
00011
00000
00000
00100
00000
00000
00011
00000
00000
00000
00000
00000
00000
00011
00000
00000
00000
00000
00011
00000
00000
00000
00000
00100
00011
00000
00000
00000
00011
00000
00000
00000
00000
00000
00000
00100
00000
00000
00000
00000
00000
00000
00000
00000
00000
00000
00000
00000
00000
00000
00000
00000
00000
00000
00000
00000
00011
00000
00000
00000
00000
00000
00000
00000
00011
00000
00000
00000
00000
00000
00000
00000
00000
00000
00000
00000
00000
00000
00000

//
(1:7.824,(((70:0.010,(12:0.004,74:0.004):0.006):0.077,(88:0.080,(64:0.052,(68:0.042,(((45:0.003,87:0.003):0.002,(65:0.004,78:0.004):0.001):0.020,(80:0.005,(63:0.001,(46:0.001,84:0.001):0.000):0.004):0.020):0.017):0.010):0.028):0.007):2.607,((((66:0.002,(44:0.001,95:0.001):0.001):0.077,(13:0.011,(23:0.002,(6:0.001,90:0.001):0.001):0.010):0.067):0.422,((43:0.070,(((49:0.006,79:0.006):0.017,(40:0.014,(41:0.008,76:0.008):0.005):0.009):0.023,((14:0.003,59:0.003):0.023,(30:0.015,(21:0.004,81:0.004):0.011):0.010):0.020):0.025):0.330,(((16:0.028,20:0.028):0.041,((26:0.049,((98:0.016,(73:0.008,(9:0.003,100:0.003):0.005):0.008):0.015,((18:0.006,(5:0.005,((22:0.001,89:0.001):0.003,(50:0.002,77:0.002):0.002):0.000):0.000):0.020,(62:0.013,83:0.013):0.013):0.005):0.018):0.020,(((19:0.000,85:0.000):0.010,(42:0.009,82:0.009):0.001):0.052,(15:0.020,92:0.020):0.043):0.006):0.001):0.326,(((60:0.002,101:0.002):0.013,(55:0.007,(10:0.006,52:0.006):0.001):0.008):0.070,(((31:0.010,(37:0.000,54:0.000):0.010):0.003,((3:0.007,(27:0.004,94:0.004):0.002):0.007,(4:0.007,51:0.007):0.007):0.000):0.014,(67:0.017,((28:0.000,33:0.000):0.011,(25:0.001,99:0.001):0.010):0.007):0.010):0.059):0.310):0.005):0.101):0.181,((11:0.038,(93:0.006,97:0.006):0.032):0.474,((((2:0.011,34:0.011):0.019,((53:0.003,(39:0.001,72:0.001):0.003):0.013,((38:0.006,(47:0.003,69:0.003):0.002):0.004,((24:0.003,71:0.003):0.005,(7:0.007,(86:0.005,(35:0.004,56:0.004):0.001):0.002):0.000):0.002):0.006):0.014):0.011,(91:0.037,((61:0.000,75:0.000):0.034,(58:0.028,(32:0.008,48:0.008):0.020):0.006):0.003):0.004):0.431,((8:0.006,17:0.006):0.159,(36:0.007,(29:0.006,(57:0.001,96:0.001):0.005):0.001):0.158):0.307):0.040):0.170):2.012):5.130);
segsites: 11
positions: 0.1149 0.5118 0.5634 0.5823 0.6260 0.6588 0.7260 0.7269 0.7525 0.9328 0.9409 
11000000011
00111111000
00111101000
00111101000
00111101000
00111101000
00111111000
00111111000
00111101000
00111101000
00111111100
00111100000
00111101000
00111101000
00111101000
00111101000
00111111000
00111101000
00111101000
00111101000
00111101000
00111101000
00111101000
00111111000
00111101000
00111101000
00111101000
00111101000
00111111000
00111101000
00111101000
00111111000
00111101000
00111111000
00111111000
00111111000
00111101000
00111111000
00111111000
00111101000
00111101000
00111101000
00111101000
00111101000
00111100000
00111100000
00111111000
00111111000
00111101000
00111101000
00111101000
00111101000
00111111000
00111101000
00111101000
00111111000
00111111000
00111111000
00111101000
00111101000
00111111000
00111101000
00111100000
00111100000
00111100000
00111101000
00111101000
00111100000
00111111000
00111100000
00111111000
00111111000
00111101000
00111100000
00111111000
00111101000
00111101000
00111100000
00111101000
00111100000
00111101000
00111101000
00111101000
00111100000
00111101000
00111111000
00111100000
00111100000
00111101000
00111101000
00111111000
00111101000
00111111100
00111101000
00111101000
00111111000
00111111100
00111101000
00111101000
00111101000
00111101000

//
(1:7.764,((43:0.089,(10:0.054,84:0.054):0.035):5.011,((((56:0.011,(34:0.002,(7:0.002,16:0.002):0.000):0.009):0.023,(59:0.019,78:0.019):0.016):0.650,(((37:0.027,((17:0.011,80:0.011):0.004,((47:0.000,51:0.000):0.013,(33:0.009,40:0.009):0.004):0.002):0.013):0.040,((48:0.002,(32:0.001,61:0.001):0.001):0.041,(81:0.016,(55:0.009,(58:0.004,(52:0.002,82:0.002):0.002):0.004):0.007):0.027):0.024):0.331,(8:0.080,((35:0.011,(62:0.002,100:0.002):0.008):0.022,(42:0.027,(68:0.015,(41:0.012,(30:0.005,(15:0.001,18:0.001):0.004):0.007):0.003):0.012):0.005):0.047):0.318):0.287):2.971,(((86:0.022,(2:0.009,(3:0.008,((66:0.002,97:0.002):0.002,(92:0.003,(70:0.002,74:0.002):0.001):0.002):0.004):0.001):0.013):0.208,(22:0.040,((77:0.002,90:0.002):0.026,(29:0.013,((11:0.000,89:0.000):0.002,(23:0.001,85:0.001):0.001):0.010):0.016):0.012):0.189):0.990,((((26:0.009,(12:0.000,94:0.000):0.009):0.023,(57:0.015,63:0.015):0.017):0.404,((98:0.035,((31:0.013,45:0.013):0.013,(69:0.021,(6:0.002,93:0.002):0.019):0.004):0.009):0.041,(((5:0.000,14:0.000):0.020,((72:0.001,95:0.001):0.015,((9:0.001,(71:0.000,87:0.000):0.000):0.001,(39:0.001,60:0.001):0.001):0.014):0.004):0.033,(50:0.037,((28:0.006,(96:0.000,101:0.000):0.005):0.012,(54:0.008,75:0.008):0.009):0.020):0.017):0.022):0.360):0.695,(((20:0.008,65:0.008):0.106,((36:0.005,(38:0.001,91:0.001):0.004):0.026,((27:0.002,67:0.002):0.020,((19:0.004,73:0.004):0.012,(21:0.010,99:0.010):0.006):0.006):0.009):0.083):0.733,((((44:0.002,49:0.002):0.005,(53:0.005,(46:0.002,64:0.002):0.003):0.002):0.009,((4:0.000,24:0.000):0.008,(79:0.007,(25:0.001,88:0.001):0.006):0.002):0.007):0.489,(83:0.209,(13:0.007,76:0.007):0.202):0.296):0.342):0.284):0.088):2.436):1.444):2.664);
segsites: 16
positions: 0.0202 0.0946 0.1431 0.1828 0.1889 0.1895 0.3381 0.3382 0.3882 0.4531 0.5561 0.7079 0.8326 0.8330 0.8335 0.8538 
0000100010000110
0011011000000000
0011011000000000
0010011000000000
0010011000000001
0010011000000001
0000000000000000
0000000000000000
0010011000000001
1000000100111000
0010011001000000
0010011000000001
0010011000000000
0010011000000001
0000000000000000
0000000000000000
0000000000000000
0000000000000000
0110011000000000
0110011000000000
0110011000000000
0010011001000000
0010011001000000
0010011000000000
0010011000000000
0010011000000001
0110011000000000
0010011000000001
0010011001000000
0000000000000000
0010011000000001
0000000000000000
0000000000000000
0000000000000000
0000000000000000
0110011000000000
0000000000000000
0110011000000000
0010011000000001
0000000000000000
0000000000000000
0000000000000000
1000000100011000
0010011000000000
0010011000000001
0010011000000000
0000000000000000
0000000000000000
0010011000000000
0010011000000001
0000000000000000
0000000000000000
0010011000000000
0010011000000001
0000000000000000
0000000000000000
0010011000000001
0000000000000000
0000000000000000
0010011000000001
0000000000000000
0000000000000000
0010011000000001
0010011000000000
0110011000000000
0011011000000000
0110011000000000
0000000000000000
0010011000000001
0011011000000000
0010011000000001
0010011000000001
0110011000000000
0011011000000000
0010011000000001
0010011000000000
0010011001000000
0000000000000000
0010011000000000
0000000000000000
0000000000000000
0000000000000000
0010011000000000
1000000100011000
0010011001000000
0011011000000000
0010011000000001
0010011000000000
0010011001000000
0010011001000000
0110011000000000
0011011000000000
0010011000000001
0010011000000001
0010011000000001
0010011000000001
0011011000000000
0010011000000001
0110011000000000
0000000000000000
0010011000000001

//
(1:7.753,(((((52:0.001,76:0.001):0.001,(18:0.001,48:0.001):0.001):0.003,(27:0.005,99:0.005):0.000):0.130,((82:0.009,(59:0.007,(93:0.004,((37:0.001,81:0.001):0.003,(45:0.001,(46:0.001,57:0.001):0.000):0.003):0.000):0.003):0.003):0.097,((73:0.007,85:0.007):0.058,(((39:0.000,50:0.000):0.008,(11:0.004,90:0.004):0.004):0.038,(47:0.018,(83:0.014,(22:0.007,98:0.007):0.007):0.003):0.028):0.019):0.042):0.028):2.592,((((14:0.007,33:0.007):0.048,((32:0.024,(67:0.012,68:0.012):0.013):0.021,(87:0.035,95:0.035):0.011):0.009):0.033,(((44:0.003,79:0.003):0.027,((62:0.021,(75:0.020,(21:0.012,(61:0.003,69:0.003):0.009):0.009):0.001):0.006,(((6:0.005,65:0.005):0.008,(66:0.006,(26:0.002,80:0.002):0.004):0.007):0.013,(84:0.021,(70:0.001,(7:0.001,(19:0.001,42:0.001):0.000):0.000):0.020):0.004):0.002):0.003):0.055,((101:0.003,(8:0.000,15:0.000):0.003):0.046,(3:0.011,(34:0.008,(54:0.004,(16:0.001,77:0.001):0.003):0.004):0.003):0.039):0.035):0.003):1.353,(49:1.164,((56:0.039,(5:0.000,10:0.000):0.039):0.867,(((((24:0.018,(31:0.015,(12:0.002,88:0.002):0.013):0.003):0.004,((53:0.014,(86:0.012,(43:0.008,(51:0.004,100:0.004):0.005):0.003):0.002):0.005,((23:0.007,(4:0.001,38:0.001):0.007):0.011,((78:0.003,(28:0.002,72:0.002):0.001):0.015,((40:0.000,64:0.000):0.008,(41:0.007,58:0.007):0.001):0.010):0.001):0.001):0.003):0.020,(55:0.039,(74:0.008,(71:0.007,89:0.007):0.001):0.031):0.004):0.053,(60:0.046,(2:0.010,(29:0.002,91:0.002):0.008):0.036):0.049):0.538,(((36:0.010,(92:0.001,(17:0.001,63:0.001):0.000):0.009):0.084,(13:0.069,(9:0.016,(25:0.002,97:0.002):0.014):0.053):0.024):0.112,((20:0.007,94:0.007):0.117,(35:0.008,(30:0.001,96:0.001):0.007):0.116):0.083):0.427):0.273):0.258):0.276):1.286):5.027);
segsites: 13
positions: 0.0968 0.1271 0.1488 0.2209 0.2419 0.3568 0.4160 0.6178 0.7097 0.7665 0.7672 0.7881 0.9700 
0001110010001
0100001001000
0000001001000
0100001001000
0000001001000
0000001001000
0000001001000
0000001001000
0000001001010
0000001001000
1010001101100
0100001001000
0000001001010
0000001001000
0000001001000
0000001001000
0000001001010
1010001101100
0000001001000
0000001001010
0000001001000
1010001101100
0100001001000
0100001001000
0000001001010
0000001001000
1010001101100
0100001001000
0100001001000
0000001001010
0100001001000
0000001001000
0000001001000
0000001001000
0000001001010
0000001001010
1010001101100
0100001001000
1010001101100
0100001001000
0100001001000
0000001001000
0100001001000
0000001001000
1010001101100
1010001101100
1010001101100
1010001101100
0000001001000
1010001101100
0100001001000
1010001101100
0100001001000
0000001001000
0100001001000
0000001001000
1010001101100
0100001001000
1010001101100
0100001001000
0000001001000
0000001001000
0000001001010
0100001001000
0000001001000
0000001001000
0000001001000
0000001001000
0000001001000
0000001001000
0100001001000
0100001001000
1010001101100
0100001001000
0000001001000
1010001101100
0000001001000
0100001001000
0000001001000
0000001001000
1010001101100
1010001101100
1010001101100
0000001001000
1010001101100
0100001001000
0000001001000
0100001001000
0100001001000
1010001101100
0100001001000
0000001001010
1010001101100
0000001001010
0000001001000
0000001001010
0000001001010
1010001101100
1010001101100
0100001001000
0000001001000

//
(1:7.547,((((8:0.003,(17:0.001,43:0.001):0.002):0.017,(53:0.014,(55:0.006,(14:0.000,44:0.000):0.006):0.009):0.006):0.132,((69:0.008,(6:0.003,(48:0.003,(5:0.002,101:0.002):0.001):0.001):0.005):0.027,(7:0.022,96:0.022):0.013):0.118):2.666,((((15:0.001,18:0.001):0.025,(79:0.002,(19:0.001,91:0.001):0.001):0.024):1.004,((100:0.009,(33:0.003,57:0.003):0.006):0.028,(4:0.032,(29:0.009,87:0.009):0.023):0.005):0.993):1.309,(((82:0.012,(11:0.009,(26:0.000,78:0.000):0.009):0.003):0.053,(56:0.035,((85:0.010,(93:0.006,(49:0.002,65:0.002):0.004):0.004):0.017,((13:0.001,76:0.001):0.018,(41:0.002,92:0.002):0.017):0.008):0.007):0.030):2.268,((((28:0.012,(20:0.010,45:0.010):0.002):0.063,((58:0.013,(3:0.008,(61:0.005,(40:0.001,(35:0.001,46:0.001):0.000):0.004):0.003):0.005):0.033,(2:0.036,(64:0.023,(30:0.015,81:0.015):0.008):0.012):0.010):0.028):0.122,(((38:0.001,94:0.001):0.012,(25:0.007,39:0.007):0.006):0.076,((36:0.023,(71:0.010,((63:0.003,90:0.003):0.004,(10:0.005,24:0.005):0.002):0.003):0.013):0.041,((70:0.009,(95:0.008,(75:0.002,88:0.002):0.006):0.001):0.023,((52:0.004,72:0.004):0.018,((27:0.001,89:0.001):0.012,(9:0.010,32:0.010):0.004):0.008):0.010):0.032):0.025):0.108):0.982,((68:0.122,((50:0.008,80:0.008):0.030,((21:0.002,37:0.002):0.013,((31:0.002,(51:0.000,98:0.000):0.001):0.007,(73:0.004,(34:0.002,60:0.002):0.002):0.005):0.005):0.023):0.084):0.537,(((66:0.012,99:0.012):0.017,((16:0.001,62:0.001):0.024,((23:0.005,67:0.005):0.004,(84:0.008,(22:0.001,54:0.001):0.007):0.002):0.016):0.005):0.341,(((47:0.002,86:0.002):0.013,(42:0.003,77:0.003):0.012):0.247,(83:0.023,((59:0.003,97:0.003):0.005,(12:0.005,74:0.005):0.003):0.015):0.238):0.109):0.289):0.520):1.153):0.007):0.480):4.729);
segsites: 11
positions: 0.0718 0.1263 0.3396 0.3990 0.4348 0.4972 0.7032 0.7122 0.7807 0.8263 0.9500 
00000001000
00110100000
00110100000
00110000000
00010000011
00010000011
00010000011
00010000011
00110100000
00110100000
01110010000
00110000000
01110010000
00010000011
00111000000
00110000000
00010000011
00111000000
00111000000
00110100000
00110000100
00110000000
00110000000
00110100000
00110100000
01110010000
00110100000
00110100000
00110000000
00110100000
00110000100
00110100000
00110000000
00110000100
00110100000
00110100000
00110000100
00110100000
00110100000
00110100000
01110010000
00110000000
00010000011
00010000011
00110100000
00110100000
00110000000
00010000011
01110010000
00110000100
00110000100
00110100000
10010000011
00110000000
00010000011
01110010000
00110000000
00110100000
00110000000
00110000100
00110100000
00110000000
00110100000
00110100000
01110010000
00110000000
00110000000
00110000000
00010000011
00110100000
00110100000
00110100000
00110000100
00110000000
00110100000
01110010000
00110000000
01110010000
00111000000
00110000100
00110100000
01110010000
00110000000
00110000000
01110010000
00110000000
00110000000
00110100000
00110100000
00110100000
00111000000
01110010000
01110010000
00110100000
00110100000
00010000011
00110000000
00110000100
00110000000
00110000000
00010000011

//
(1:7.632,((42:0.037,(5:0.004,58:0.004):0.032):3.357,((((33:0.004,(20:0.002,(65:0.001,92:0.001):0.002):0.001):0.075,(16:0.005,(41:0.002,63:0.002):0.003):0.074):0.274,(((12:0.019,88:0.019):0.018,(51:0.028,(86:0.004,(39:0.002,(6:0.001,73:0.001):0.001):0.002):0.024):0.009):0.120,(8:0.043,27:0.043):0.113):0.196):0.908,((((99:0.013,(78:0.012,(3:0.008,70:0.008):0.004):0.001):0.014,(24:0.017,(97:0.002,(81:0.002,90:0.002):0.000):0.015):0.009):0.016,((28:0.002,(19:0.001,60:0.001):0.001):0.030,(54:0.020,80:0.020):0.012):0.011):1.185,((46:0.011,(67:0.001,95:0.001):0.011):0.311,(((49:0.004,52:0.004):0.111,(((36:0.003,55:0.003):0.015,((76:0.005,87:0.005):0.003,(15:0.005,(26:0.003,35:0.003):0.001):0.003):0.011):0.047,((59:0.007,79:0.007):0.031,(((34:0.007,64:0.007):0.010,(43:0.008,(47:0.004,83:0.004):0.004):0.009):0.014,(61:0.019,(74:0.016,((17:0.001,77:0.001):0.009,(4:0.002,72:0.002):0.008):0.006):0.004):0.012):0.007):0.027):0.050):0.033,(((7:0.014,23:0.014):0.029,(37:0.032,(68:0.028,(53:0.003,75:0.003):0.026):0.004):0.010):0.075,((66:0.018,(22:0.009,(50:0.000,84:0.000):0.009):0.009):0.086,(((25:0.012,(45:0.007,(21:0.002,98:0.002):0.005):0.006):0.027,(69:0.032,((71:0.015,96:0.015):0.005,((9:0.005,29:0.005):0.012,(94:0.012,(14:0.002,57:0.002):0.010):0.005):0.003):0.011):0.008):0.016,(((13:0.024,32:0.024):0.030,(((44:0.003,56:0.003):0.007,(10:0.003,91:0.003):0.006):0.029,(93:0.033,((2:0.004,100:0.004):0.023,(89:0.007,101:0.007):0.020):0.006):0.005):0.015):0.001,((82:0.011,(31:0.008,85:0.008):0.003):0.043,(40:0.035,((18:0.001,62:0.001):0.009,(38:0.002,(30:0.001,(11:0.001,48:0.001):0.000):0.001):0.008):0.025):0.020):0.001):0.000):0.048):0.015):0.031):0.173):0.905):0.033):2.133):4.239);
segsites: 12
positions: 0.0582 0.1531 0.1730 0.2599 0.3082 0.3169 0.3750 0.4146 0.4344 0.7053 0.9237 0.9954 
000000011010
100000000000
100000000000
100000000000
010111100101
101000000000
100000000000
101000000000
100000000000
100000000000
100000000000
101000000000
100000000000
100000000000
100000000000
101000000000
100000000000
100000000000
100000000000
101000000000
100000000000
100000000000
100000000000
100000000000
100000000000
100000000000
101000000000
100000000000
100000000000
100000000000
100000000000
100000000000
101000000000
100000000000
100000000000
100000000000
100000000000
100000000000
101000000000
100000000000
101000000000
000111100101
100000000000
100000000000
100000000000
100000000000
100000000000
100000000000
100000000000
100000000000
101000000000
100000000000
100000000000
100000000000
100000000000
100000000000
100000000000
010111100101
100000000000
100000000000
100000000000
100000000000
101000000000
100000000000
101000000000
100000000000
100000000000
100000000000
100000000000
100000000000
100000000000
100000000000
101000000000
100000000000
100000000000
100000000000
100000000000
100000000000
100000000000
100000000000
100000000000
100000000000
100000000000
100000000000
100000000000
101000000000
100000000000
101000000000
100000000000
100000000000
100000000000
101000000000
100000000000
100000000000
100000000000
100000000000
100000000000
100000000000
100000000000
100000000000
100000000000

//
(1:7.634,((((24:0.004,36:0.004):0.004,(72:0.007,(9:0.005,67:0.005):0.002):0.001):0.865,(((57:0.025,(((47:0.000,81:0.000):0.005,(17:0.002,31:0.002):0.004):0.012,(71:0.005,82:0.005):0.012):0.008):0.063,(((73:0.008,(27:0.007,(19:0.005,25:0.005):0.003):0.001):0.010,(5:0.008,(63:0.004,89:0.004):0.004):0.009):0.056,(((66:0.012,((16:0.002,44:0.002):0.001,(49:0.003,99:0.003):0.001):0.008):0.005,(64:0.015,((3:0.001,100:0.001):0.011,((50:0.004,84:0.004):0.006,(87:0.009,(23:0.002,92:0.002):0.007):0.001):0.002):0.003):0.002):0.044,(93:0.042,((38:0.005,(37:0.004,79:0.004):0.001):0.019,(69:0.019,(14:0.001,56:0.001):0.018):0.004):0.018):0.019):0.013):0.014):0.324,(78:0.148,((4:0.020,(28:0.006,(11:0.002,88:0.002):0.004):0.014):0.010,(30:0.027,48:0.027):0.003):0.117):0.264):0.461):2.700,((((33:0.001,41:0.001):0.049,(70:0.021,(18:0.012,62:0.012):0.009):0.029):0.075,(((22:0.017,75:0.017):0.007,(12:0.023,(34:0.001,74:0.001):0.022):0.001):0.060,((58:0.013,(26:0.009,53:0.009):0.005):0.045,((10:0.017,((59:0.001,83:0.001):0.014,(29:0.006,65:0.006):0.009):0.002):0.040,(((35:0.006,(42:0.001,46:0.001):0.006):0.019,(32:0.013,(96:0.009,(15:0.004,20:0.004):0.005):0.004):0.013):0.014,((80:0.010,(77:0.007,(7:0.006,86:0.006):0.001):0.003):0.025,((90:0.004,(54:0.002,98:0.002):0.002):0.025,((21:0.005,60:0.005):0.019,(39:0.011,(13:0.005,55:0.005):0.005):0.014):0.004):0.006):0.005):0.018):0.001):0.026):0.041):2.135,((76:0.099,((43:0.004,101:0.004):0.089,((94:0.002,97:0.002):0.081,(8:0.002,(52:0.000,91:0.000):0.002):0.080):0.010):0.007):1.275,((51:0.022,(6:0.005,(40:0.002,(61:0.001,85:0.001):0.001):0.002):0.017):0.384,((68:0.028,95:0.028):0.053,(2:0.074,45:0.074):0.006):0.326):0.968):0.886):1.313):4.061);
segsites: 3
positions: 0.5429 0.6501 0.8104 
100
001
000
010
000
001
000
001
000
000
010
000
000
000
000
000
000
000
000
000
000
000
000
000
000
000
000
010
000
010
000
000
000
000
000
000
000
000
000
001
000
000
001
000
001
000
000
010
000
000
001
001
000
000
000
000
000
000
000
000
001
000
000
000
000
000
000
001
000
000
000
000
000
000
000
001
000
010
000
000
000
000
000
000
001
000
000
010
000
000
001
000
000
001
001
000
001
000
000
000
001

//
(1:7.732,(((((32:0.000,44:0.000):0.044,((83:0.025,((9:0.000,47:0.000):0.024,(17:0.001,93:0.001):0.023):0.001):0.002,((((60:0.002,(3:0.001,59:0.001):0.000):0.002,(80:0.002,85:0.002):0.002):0.011,(23:0.005,24:0.005):0.010):0.011,((88:0.004,(58:0.003,101:0.003):0.001):0.017,((90:0.001,99:0.001):0.016,(95:0.011,(2:0.007,34:0.007):0.004):0.006):0.004):0.005):0.002):0.016):0.053,(20:0.062,(4:0.033,(91:0.018,((49:0.002,61:0.002):0.002,(31:0.003,(18:0.000,79:0.000):0.002):0.001):0.014):0.015):0.029):0.036):0.511,(((65:0.006,(96:0.002,(13:0.002,36:0.002):0.000):0.004):0.029,((33:0.020,(62:0.006,(66:0.005,92:0.005):0.002):0.014):0.014,(((26:0.000,63:0.000):0.008,(45:0.002,(28:0.001,74:0.001):0.001):0.007):0.015,((19:0.004,30:0.004):0.006,(10:0.004,55:0.004):0.005):0.013):0.011):0.001):0.552,(81:0.066,((89:0.003,(5:0.001,82:0.001):0.002):0.012,(29:0.006,98:0.006):0.009):0.051):0.522):0.021):4.104,((((87:0.017,((73:0.003,84:0.003):0.002,(56:0.005,86:0.005):0.000):0.012):0.034,((54:0.010,69:0.010):0.035,(37:0.028,53:0.028):0.017):0.006):0.041,((22:0.028,((75:0.006,94:0.006):0.004,(27:0.009,68:0.009):0.001):0.019):0.053,((39:0.008,57:0.008):0.044,((15:0.004,76:0.004):0.031,(97:0.031,(78:0.024,(8:0.013,(14:0.002,70:0.002):0.011):0.011):0.006):0.004):0.017):0.029):0.010):1.424,(((40:0.010,(11:0.000,41:0.000):0.010):0.020,((42:0.011,(7:0.008,(25:0.007,(100:0.004,(72:0.003,(64:0.001,(71:0.001,(48:0.001,67:0.001):0.000):0.000):0.002):0.001):0.003):0.001):0.002):0.015,((21:0.003,52:0.003):0.009,(12:0.005,77:0.005):0.007):0.014):0.005):0.502,((38:0.013,(46:0.002,51:0.002):0.010):0.195,(50:0.077,((6:0.001,43:0.001):0.006,(16:0.002,35:0.002):0.004):0.071):0.130):0.326):0.983):3.197):3.019);
segsites: 5
positions: 0.2730 0.3109 0.3333 0.5790 0.8467 
00010
00000
00000
00000
00001
11000
11000
11000
00000
00000
11000
11000
00000
11000
11000
11000
00000
00000
00000
00000
11000
11000
00000
00000
11000
00000
11000
00100
00001
00000
00000
00000
00000
00000
11000
00000
11000
11000
11000
11000
11000
11000
11000
00000
00100
11000
00000
11000
00000
11000
11000
11000
11000
11000
00000
11000
11000
00000
00000
00000
00000
00000
00000
11000
00000
00000
11000
11000
11000
11000
11000
11000
11000
00100
11000
11000
11000
11000
00000
00000
00000
00001
00000
11000
00000
11000
11000
00000
00001
00000
00000
00000
00000
11000
00000
00000
11000
00001
00000
11000
00000

//
(1:7.701,((((16:0.008,26:0.008):0.007,(80:0.008,(20:0.008,(44:0.005,(6:0.002,46:0.002):0.002):0.003):0.000):0.007):0.659,(((61:0.004,(71:0.002,(18:0.000,30:0.000):0.002):0.002):0.042,((27:0.003,58:0.003):0.003,(37:0.005,87:0.005):0.002):0.040):0.013,(9:0.051,((5:0.005,(34:0.001,85:0.001):0.005):0.043,(65:0.035,(100:0.004,(2:0.002,81:0.002):0.002):0.031):0.013):0.003):0.008):0.614):0.296,((((49:0.008,72:0.008):0.006,(48:0.013,((68:0.001,73:0.001):0.006,(74:0.006,(11:0.002,83:0.002):0.003):0.001):0.006):0.001):0.015,(45:0.016,(23:0.002,59:0.002):0.014):0.012):0.892,((((39:0.015,((14:0.001,86:0.001):0.013,(60:0.006,(35:0.001,89:0.001):0.005):0.008):0.001):0.045,((54:0.016,(33:0.007,70:0.007):0.008):0.042,(17:0.031,(64:0.023,((78:0.010,(99:0.006,(32:0.000,53:0.000):0.006):0.005):0.013,((56:0.007,82:0.007):0.004,(15:0.010,((31:0.002,(42:0.002,57:0.002):0.000):0.006,(36:0.007,84:0.007):0.000):0.003):0.001):0.011):0.000):0.008):0.026):0.002):0.195,(((95:0.004,(24:0.002,63:0.002):0.002):0.024,((28:0.010,(40:0.006,(13:0.006,(29:0.000,43:0.000):0.005):0.001):0.004):0.005,(12:0.013,((96:0.011,(22:0.008,69:0.008):0.003):0.002,(91:0.011,(94:0.009,(52:0.003,75:0.003):0.007):0.002):0.001):0.000):0.002):0.013):0.069,((3:0.000,21:0.000):0.059,((4:0.002,101:0.002):0.006,(41:0.004,(38:0.002,98:0.002):0.002):0.004):0.051):0.039):0.157):0.323,((79:0.091,(77:0.009,(47:0.000,55:0.000):0.009):0.082):0.292,(((7:0.001,93:0.001):0.041,(67:0.033,(19:0.017,88:0.017):0.016):0.009):0.098,((25:0.017,(92:0.015,((66:0.003,90:0.003):0.011,(10:0.005,62:0.005):0.009):0.001):0.001):0.057,((51:0.000,97:0.000):0.071,(76:0.030,(8:0.002,50:0.002):0.029):0.041):0.002):0.066):0.244):0.194):0.343):0.050):6.731);
segsites: 8
positions: 0.0614 0.1844 0.3265 0.4373 0.4609 0.5061 0.7072 0.7219 
10000011
01000100
01000100
01000100
01000100
01000100
01000100
01000100
01000100
01000100
01100100
01000100
01000100
01000100
01000100
01000100
01000100
01000100
01000100
01000100
01000100
01000100
01100100
01000100
01000100
01000100
01000100
01000100
01001100
01000100
01000100
01000100
01000100
01000100
01000100
01000100
01000100
01000100
01000100
01000100
01000100
01000100
01001100
01000100
01100100
01000100
01000100
01100100
01100100
01000100
01000100
01000100
01000100
01000100
01000100
01000100
01000100
01000100
01100100
01000100
01000100
01000100
01000100
01000100
01000100
01000100
01000100
01100100
01000100
01000100
01000100
01100100
01100100
01100100
01000100
01000100
01000100
01000100
01000100
01000100
01000100
01000100
01110100
01000100
01000100
01000100
01000100
01000100
01000100
01000100
01000100
01000100
01000100
01000100
01000100
01000100
01000100
01000100
01000100
01000100
01000100
