C:\Users\dswle_000\Documents\massprfmss\macprf_mss\reveiwers\simulations\msdir\ms.exe 101 20 -T -t 0.36 -I 2 1 100 -ma 0 0 0 0 -ej 7.5 2 1 -eg .1 2 23.025 
27079

//
(1:7.732,((((16:0.009,(8:0.002,(53:0.001,66:0.001):0.001):0.007):0.028,(((34:0.005,(23:0.004,(2:0.004,82:0.004):0.000):0.001):0.009,(41:0.011,100:0.011):0.003):0.017,((14:0.002,50:0.002):0.022,(76:0.023,((11:0.005,43:0.005):0.014,(((31:0.002,38:0.002):0.001,(42:0.002,59:0.002):0.001):0.009,(78:0.010,101:0.010):0.002):0.006):0.005):0.000):0.007):0.007):0.097,((17:0.002,37:0.002):0.092,(((95:0.004,99:0.004):0.024,(68:0.011,(21:0.003,61:0.003):0.009):0.017):0.044,(7:0.033,67:0.033):0.038):0.023):0.041):0.082,(((((65:0.003,81:0.003):0.039,(4:0.021,(74:0.018,((32:0.001,84:0.001):0.004,(22:0.004,98:0.004):0.001):0.014):0.003):0.021):0.129,((((33:0.007,85:0.007):0.004,(20:0.008,(83:0.003,(44:0.002,96:0.002):0.001):0.005):0.003):0.012,((62:0.013,(30:0.004,(26:0.000,94:0.000):0.003):0.010):0.005,((46:0.004,(52:0.002,71:0.002):0.002):0.014,((55:0.003,56:0.003):0.004,(3:0.004,(10:0.000,(36:0.000,58:0.000):0.000):0.004):0.003):0.010):0.000):0.005):0.038,(54:0.059,(9:0.004,45:0.004):0.056):0.001):0.110):0.027,((73:0.007,(64:0.000,89:0.000):0.007):0.188,((48:0.053,77:0.053):0.093,(((90:0.032,((60:0.007,(80:0.001,97:0.001):0.006):0.020,(18:0.007,47:0.007):0.020):0.005):0.010,(5:0.036,(15:0.001,(27:0.000,92:0.000):0.000):0.035):0.007):0.081,(28:0.105,(79:0.003,(12:0.002,40:0.002):0.001):0.102):0.018):0.023):0.050):0.003):0.004,((49:0.056,75:0.056):0.146,((35:0.012,(69:0.003,93:0.003):0.009):0.150,(((51:0.003,63:0.003):0.021,(87:0.015,((39:0.007,(70:0.006,(19:0.006,91:0.006):0.000):0.001):0.006,(88:0.012,(13:0.008,29:0.008):0.004):0.001):0.002):0.010):0.076,(72:0.100,((25:0.001,86:0.001):0.053,(57:0.008,(6:0.004,24:0.004):0.003):0.046):0.046):0.001):0.062):0.039):0.001):0.015):7.515);
segsites: 4
positions: 0.2428 0.4014 0.6198 0.9566 
0110
1001
1001
1001
1001
1001
1001
1001
1001
1001
1001
1001
1001
1001
1001
1001
1001
1001
1001
1001
1001
1001
1001
1001
1001
1001
1001
1001
1001
1001
1001
1001
1001
1001
1001
1001
1001
1001
1001
1001
1001
1001
1001
1001
1001
1001
1001
1001
1001
1001
1001
1001
1001
1001
1001
1001
1001
1001
1001
1001
1001
1001
1001
1001
1001
1001
1001
1001
1001
1001
1001
1001
1001
1001
1001
1001
1001
1001
1001
1001
1001
1001
1001
1001
1001
1001
1001
1001
1001
1001
1001
1001
1001
1001
1001
1001
1001
1001
1001
1001
1001

//
(1:7.988,(((77:0.021,((51:0.007,(61:0.005,(11:0.003,56:0.003):0.002):0.002):0.004,(67:0.010,(32:0.000,80:0.000):0.009):0.002):0.009):0.139,((53:0.008,(73:0.006,(44:0.001,85:0.001):0.006):0.001):0.133,(15:0.117,(33:0.103,(36:0.045,(34:0.020,(48:0.008,(92:0.008,(18:0.002,(47:0.001,63:0.001):0.000):0.006):0.000):0.011):0.026):0.058):0.014):0.024):0.019):0.060,((((91:0.009,(16:0.003,28:0.003):0.006):0.092,(75:0.034,(30:0.016,(10:0.003,71:0.003):0.013):0.018):0.067):0.066,((31:0.039,((86:0.007,(29:0.001,54:0.001):0.005):0.012,(24:0.013,(25:0.001,78:0.001):0.012):0.005):0.021):0.073,(((5:0.010,27:0.010):0.018,(55:0.027,(17:0.004,(49:0.002,82:0.002):0.001):0.024):0.001):0.068,((79:0.020,(60:0.007,(7:0.002,42:0.002):0.005):0.014):0.051,((96:0.011,(64:0.004,65:0.004):0.007):0.024,((58:0.003,(13:0.002,87:0.002):0.001):0.012,(((21:0.000,84:0.000):0.007,(12:0.003,88:0.003):0.005):0.006,(20:0.010,(43:0.006,(57:0.002,76:0.002):0.005):0.003):0.003):0.002):0.020):0.036):0.025):0.017):0.054):0.041,((6:0.017,(41:0.006,74:0.006):0.011):0.180,((97:0.019,((3:0.000,100:0.000):0.015,(46:0.004,(40:0.000,90:0.000):0.004):0.011):0.004):0.114,((8:0.007,99:0.007):0.097,((((23:0.002,(70:0.001,81:0.001):0.001):0.008,(101:0.006,((98:0.004,(50:0.003,52:0.003):0.001):0.002,(2:0.005,45:0.005):0.001):0.000):0.003):0.062,(19:0.015,(69:0.008,(72:0.008,95:0.008):0.000):0.008):0.056):0.014,(((94:0.007,(14:0.001,(38:0.001,68:0.001):0.000):0.006):0.038,((93:0.004,(22:0.002,(39:0.001,83:0.001):0.002):0.001):0.031,(35:0.021,(4:0.011,59:0.011):0.010):0.013):0.011):0.035,(26:0.060,(37:0.039,(9:0.034,(66:0.016,(62:0.002,89:0.002):0.014):0.018):0.005):0.021):0.020):0.005):0.019):0.029):0.064):0.010):0.012):7.768);
segsites: 8
positions: 0.1609 0.2878 0.4932 0.4987 0.5956 0.6959 0.7282 0.9432 
10001111
01110000
01110000
01110000
01110000
01110000
01110000
01110000
01110000
01110000
01110000
01110000
01110000
01110000
01110000
01110000
01110000
01110000
01110000
01110000
01110000
01110000
01110000
01110000
01110000
01110000
01110000
01110000
01110000
01110000
01110000
01110000
01110000
01110000
01110000
01110000
01110000
01110000
01110000
01110000
01110000
01110000
01110000
01110000
01110000
01110000
01110000
01110000
01110000
01110000
01110000
01110000
01110000
01110000
01110000
01110000
01110000
01110000
01110000
01110000
01110000
01110000
01110000
01110000
01110000
01110000
01110000
01110000
01110000
01110000
01110000
01110000
01110000
01110000
01110000
01110000
01110000
01110000
01110000
01110000
01110000
01110000
01110000
01110000
01110000
01110000
01110000
01110000
01110000
01110000
01110000
01110000
01110000
01110000
01110000
01110000
01110000
01110000
01110000
01110000
01110000

//
(1:7.509,((((((8:0.002,(49:0.001,(14:0.000,78:0.000):0.001):0.001):0.004,(6:0.004,(90:0.003,(38:0.002,(81:0.001,(60:0.001,83:0.001):0.000):0.001):0.000):0.002):0.002):0.006,((10:0.003,57:0.003):0.007,(95:0.007,96:0.007):0.003):0.001):0.097,(88:0.060,(97:0.055,((11:0.012,18:0.012):0.013,(26:0.021,65:0.021):0.004):0.030):0.005):0.048):0.032,((((42:0.012,(25:0.003,94:0.003):0.010):0.016,(29:0.024,(9:0.001,69:0.001):0.023):0.004):0.095,(((50:0.028,(22:0.021,79:0.021):0.007):0.013,(82:0.031,(61:0.011,75:0.011):0.020):0.009):0.066,(28:0.096,(64:0.025,((63:0.000,80:0.000):0.015,(13:0.013,93:0.013):0.002):0.010):0.071):0.011):0.017):0.011,((54:0.003,59:0.003):0.131,((27:0.041,((31:0.006,(2:0.003,43:0.003):0.003):0.018,(21:0.012,(4:0.003,47:0.003):0.009):0.012):0.017):0.029,((20:0.020,(41:0.001,72:0.001):0.019):0.022,((35:0.004,(56:0.001,70:0.001):0.003):0.024,(12:0.027,(((99:0.004,101:0.004):0.009,(45:0.011,(15:0.002,(37:0.002,74:0.002):0.000):0.009):0.002):0.003,((98:0.012,(68:0.007,(34:0.004,76:0.004):0.003):0.005):0.004,(51:0.012,(55:0.003,77:0.003):0.009):0.003):0.000):0.011):0.001):0.015):0.028):0.064):0.001):0.006):0.028,((33:0.041,(((30:0.001,73:0.001):0.014,(71:0.014,(39:0.006,(40:0.004,85:0.004):0.002):0.007):0.002):0.020,(7:0.031,((58:0.009,(17:0.001,89:0.001):0.008):0.010,(53:0.013,((66:0.001,84:0.001):0.006,(46:0.004,92:0.004):0.003):0.007):0.006):0.012):0.004):0.006):0.108,(52:0.128,(36:0.122,((100:0.016,(19:0.016,(3:0.011,(44:0.009,(48:0.005,(5:0.004,32:0.004):0.002):0.003):0.002):0.005):0.000):0.052,((91:0.019,(16:0.014,24:0.014):0.005):0.020,((62:0.002,67:0.002):0.021,(87:0.010,(23:0.001,86:0.001):0.010):0.013):0.015):0.029):0.054):0.007):0.022):0.019):7.341);
segsites: 6
positions: 0.1411 0.2997 0.4611 0.6194 0.6655 0.9784 
010010
101101
101101
101101
101101
101101
101101
101101
101101
101101
101101
101101
101101
101101
101101
101101
101101
101101
101101
101101
101101
101101
101101
101101
101101
101101
101101
101101
101101
101101
101101
101101
101101
101101
101101
101101
101101
101101
101101
101101
101101
101101
101101
101101
101101
101101
101101
101101
101101
101101
101101
101101
101101
101101
101101
101101
101101
101101
101101
101101
101101
101101
101101
101101
101101
101101
101101
101101
101101
101101
101101
101101
101101
101101
101101
101101
101101
101101
101101
101101
101101
101101
101101
101101
101101
101101
101101
101101
101101
101101
101101
101101
101101
101101
101101
101101
101101
101101
101101
101101
101101

//
(1:7.601,(((((17:0.000,95:0.000):0.017,(93:0.008,(41:0.001,72:0.001):0.007):0.009):0.047,(((3:0.006,(82:0.004,(48:0.003,(15:0.000,67:0.000):0.002):0.001):0.002):0.009,(39:0.010,40:0.010):0.005):0.013,((87:0.004,(28:0.001,(25:0.001,46:0.001):0.000):0.003):0.015,(2:0.014,36:0.014):0.005):0.009):0.035):0.095,((29:0.004,(98:0.003,(55:0.002,65:0.002):0.001):0.001):0.123,(((((63:0.002,85:0.002):0.011,(71:0.007,(43:0.007,52:0.007):0.001):0.006):0.009,(49:0.016,(60:0.007,94:0.007):0.009):0.005):0.015,((31:0.008,(7:0.006,(64:0.002,(42:0.001,75:0.001):0.001):0.004):0.002):0.020,((89:0.002,(58:0.001,86:0.001):0.001):0.024,((81:0.001,99:0.001):0.012,(21:0.002,38:0.002):0.011):0.013):0.001):0.010):0.042,((8:0.012,53:0.012):0.035,(4:0.030,(12:0.004,78:0.004):0.026):0.017):0.032):0.047):0.032):0.021,(((35:0.007,(22:0.001,54:0.001):0.006):0.165,((((27:0.011,(32:0.005,61:0.005):0.006):0.016,(92:0.019,97:0.019):0.007):0.037,(((19:0.007,76:0.007):0.009,(84:0.009,((79:0.001,88:0.001):0.005,(73:0.004,(96:0.001,100:0.001):0.004):0.001):0.003):0.008):0.046,(((16:0.010,(11:0.004,(56:0.001,(59:0.001,68:0.001):0.000):0.003):0.007):0.025,(83:0.019,(80:0.007,90:0.007):0.012):0.016):0.025,(5:0.040,(50:0.027,(66:0.006,(13:0.004,(10:0.001,91:0.001):0.003):0.002):0.021):0.013):0.020):0.002):0.002):0.060,((69:0.001,(14:0.001,37:0.001):0.000):0.112,((24:0.010,(6:0.008,(30:0.005,(9:0.001,26:0.001):0.004):0.002):0.002):0.035,(34:0.015,((77:0.002,(23:0.001,33:0.001):0.000):0.013,(18:0.014,20:0.014):0.001):0.000):0.029):0.069):0.011):0.048):0.003,((44:0.048,(45:0.021,74:0.021):0.027):0.125,((57:0.005,101:0.005):0.115,((47:0.001,51:0.001):0.035,(62:0.008,70:0.008):0.028):0.085):0.052):0.003):0.004):7.422);
segsites: 9
positions: 0.1972 0.4824 0.5169 0.5900 0.6140 0.6265 0.6940 0.8192 0.8226 
111100100
000011011
000011011
000011011
000011011
000011011
000011011
000011011
000011011
000011011
000011011
000011011
000011011
000011011
000011011
000011011
000011011
000011011
000011011
000011011
000011011
000011011
000011011
000011011
000011011
000011011
000011011
000011011
000011011
000011011
000011011
000011011
000011011
000011011
000011011
000011011
000011011
000011011
000011011
000011011
000011011
000011011
000011011
000011011
000011011
000011011
000011011
000011011
000011011
000011011
000011011
000011011
000011011
000011011
000011011
000011011
000011011
000011011
000011011
000011011
000011011
000011011
000011011
000011011
000011011
000011011
000011011
000011011
000011011
000011011
000011011
000011011
000011011
000011011
000011011
000011011
000011011
000011011
000011011
000011011
000011011
000011011
000011011
000011011
000011011
000011011
000011011
000011011
000011011
000011011
000011011
000011011
000011011
000011011
000011011
000011011
000011011
000011011
000011011
000011011
000011011

//
(1:7.535,((((83:0.084,(59:0.054,((72:0.004,(22:0.003,66:0.003):0.002):0.021,(90:0.007,((18:0.003,95:0.003):0.004,(6:0.006,100:0.006):0.001):0.001):0.018):0.029):0.031):0.054,((82:0.005,92:0.005):0.086,(101:0.018,(28:0.000,81:0.000):0.017):0.073):0.049):0.016,((37:0.018,((52:0.012,84:0.012):0.002,(96:0.012,(2:0.011,(44:0.008,86:0.008):0.003):0.000):0.002):0.004):0.127,((50:0.009,(15:0.001,74:0.001):0.008):0.071,(((46:0.002,65:0.002):0.015,(25:0.015,85:0.015):0.001):0.018,((42:0.003,61:0.003):0.025,((64:0.002,94:0.002):0.016,(20:0.015,48:0.015):0.003):0.010):0.007):0.045):0.064):0.011):0.065,(((93:0.024,(30:0.006,41:0.006):0.018):0.019,((55:0.015,(40:0.008,(51:0.002,60:0.002):0.006):0.007):0.015,(54:0.015,(8:0.005,62:0.005):0.010):0.015):0.013):0.142,((((63:0.017,(71:0.007,(70:0.001,76:0.001):0.006):0.009):0.016,(33:0.025,((67:0.001,79:0.001):0.010,(39:0.010,43:0.010):0.000):0.015):0.008):0.090,((68:0.026,(32:0.010,(7:0.002,26:0.002):0.008):0.016):0.021,(91:0.036,((16:0.013,(87:0.000,89:0.000):0.013):0.021,(19:0.032,(75:0.022,((21:0.001,34:0.001):0.006,(27:0.003,78:0.003):0.004):0.015):0.010):0.003):0.002):0.010):0.075):0.030,((((4:0.006,73:0.006):0.008,(10:0.012,(29:0.004,31:0.004):0.009):0.002):0.014,(47:0.017,97:0.017):0.011):0.119,((98:0.005,(12:0.002,(57:0.000,(5:0.000,49:0.000):0.000):0.002):0.003):0.110,((((24:0.020,(13:0.016,99:0.016):0.004):0.011,(11:0.030,((88:0.007,(35:0.001,36:0.001):0.006):0.014,(9:0.017,23:0.017):0.004):0.010):0.002):0.003,((38:0.003,(56:0.002,69:0.002):0.001):0.030,(14:0.005,(3:0.001,53:0.001):0.004):0.029):0.001):0.040,((17:0.007,(77:0.003,80:0.003):0.004):0.043,(45:0.007,58:0.007):0.042):0.025):0.039):0.033):0.005):0.033):0.034):7.316);
segsites: 4
positions: 0.2492 0.6758 0.7692 0.8044 
0100
0011
0011
0011
0011
0011
0011
1011
0011
0011
0011
0011
0011
0011
0011
0011
0011
0011
0011
0011
0011
0011
0011
0011
0011
0011
0011
0011
0011
1011
0011
0011
0011
0011
0011
0011
0011
0011
0011
1011
1011
0011
0011
0011
0011
0011
0011
0011
0011
0011
1011
0011
0011
1011
1011
0011
0011
0011
0011
1011
0011
1011
0011
0011
0011
0011
0011
0011
0011
0011
0011
0011
0011
0011
0011
0011
0011
0011
0011
0011
0011
0011
0011
0011
0011
0011
0011
0011
0011
0011
0011
0011
1011
0011
0011
0011
0011
0011
0011
0011
0011

//
(1:8.516,(((28:0.011,(33:0.000,99:0.000):0.011):0.097,((81:0.013,(47:0.003,49:0.003):0.009):0.011,((69:0.014,83:0.014):0.007,((21:0.001,30:0.001):0.016,(42:0.006,(22:0.006,27:0.006):0.000):0.012):0.003):0.003):0.083):0.101,(((75:0.060,((64:0.011,(54:0.007,((41:0.004,(4:0.004,((35:0.001,48:0.001):0.002,(63:0.001,96:0.001):0.002):0.001):0.000):0.000,(12:0.004,70:0.004):0.000):0.003):0.003):0.041,((61:0.016,(84:0.004,89:0.004):0.012):0.019,(6:0.029,(87:0.029,(62:0.017,(78:0.001,101:0.001):0.016):0.012):0.000):0.006):0.016):0.008):0.087,(((79:0.005,(77:0.001,92:0.001):0.004):0.020,(9:0.010,60:0.010):0.015):0.121,(((3:0.006,(58:0.004,((15:0.002,55:0.002):0.002,(31:0.003,(11:0.002,56:0.002):0.001):0.001):0.001):0.002):0.041,((17:0.016,((40:0.002,57:0.002):0.003,(37:0.003,51:0.003):0.003):0.010):0.026,(76:0.021,((14:0.000,90:0.000):0.007,(88:0.001,(45:0.001,91:0.001):0.000):0.006):0.014):0.021):0.006):0.068,(85:0.085,(65:0.012,(16:0.005,97:0.005):0.008):0.072):0.031):0.031):0.002):0.026,(((38:0.017,(29:0.011,(5:0.001,94:0.001):0.010):0.006):0.087,((23:0.011,(32:0.007,98:0.007):0.004):0.056,((19:0.025,(25:0.012,((34:0.000,43:0.000):0.006,(52:0.004,82:0.004):0.001):0.006):0.013):0.035,((44:0.013,86:0.013):0.030,(66:0.041,(36:0.020,(13:0.011,73:0.011):0.009):0.021):0.002):0.017):0.007):0.036):0.061,((((100:0.007,(18:0.000,20:0.000):0.007):0.011,(26:0.017,(8:0.012,50:0.012):0.005):0.000):0.031,(74:0.028,(2:0.006,(10:0.004,67:0.004):0.001):0.022):0.021):0.062,((7:0.001,68:0.001):0.060,((24:0.013,(46:0.011,(80:0.009,93:0.009):0.002):0.001):0.016,((53:0.003,71:0.003):0.024,(59:0.003,(72:0.001,(39:0.000,95:0.000):0.000):0.003):0.024):0.002):0.032):0.050):0.054):0.009):0.035):8.308);
segsites: 8
positions: 0.2131 0.2743 0.3148 0.4405 0.4439 0.6332 0.8851 0.9850 
10110101
01000010
01000010
01000010
01000010
01000010
01000010
01000010
01000010
01000010
01000010
01000010
01000010
01000010
01000010
01000010
01000010
01000010
01000010
01000010
01000010
01000010
01000010
01000010
01000010
01000010
01000010
01000010
01000010
01000010
01000010
01000010
01000010
01000010
01000010
01000010
01000010
01000010
01000010
01000010
01000010
01000010
01000010
01000010
01000010
01000010
01000010
01000010
01000010
01000010
01000010
01000010
01000010
01000010
01000010
01000010
01000010
01000010
01000010
01000010
01000010
01000010
01000010
01000010
01000010
01000010
01000010
01000010
01000010
01000010
01000010
01000010
01000010
01000010
01000010
01000010
01000010
01000010
01000010
01000010
01000010
01000010
01000010
01000010
01000010
01000010
01000010
01000010
01000010
01000010
01000010
01000010
01000010
01000010
01000010
01000010
01000010
01000010
01000010
01001010
01000010

//
(1:7.783,((17:0.157,(((59:0.007,((39:0.001,92:0.001):0.002,(6:0.003,29:0.003):0.001):0.004):0.015,(4:0.007,45:0.007):0.015):0.125,(56:0.039,(79:0.037,(2:0.016,(8:0.001,52:0.001):0.015):0.020):0.002):0.108):0.010):0.050,((3:0.169,(((51:0.010,(68:0.002,82:0.002):0.008):0.002,(36:0.012,53:0.012):0.001):0.135,((22:0.017,(63:0.008,(33:0.008,57:0.008):0.000):0.009):0.079,(((60:0.002,84:0.002):0.048,(((25:0.001,61:0.001):0.017,(100:0.006,(27:0.005,(46:0.002,89:0.002):0.003):0.001):0.012):0.023,((85:0.008,97:0.008):0.027,((30:0.002,90:0.002):0.032,(31:0.014,((18:0.012,(50:0.005,(15:0.003,75:0.003):0.003):0.006):0.001,(93:0.012,((40:0.000,(19:0.000,20:0.000):0.000):0.007,(5:0.004,(99:0.004,(38:0.003,83:0.003):0.001):0.000):0.003):0.005):0.001):0.001):0.019):0.002):0.005):0.010):0.028,(((((88:0.004,(58:0.003,(10:0.003,43:0.003):0.001):0.001):0.007,(7:0.007,76:0.007):0.004):0.012,(87:0.014,(55:0.012,91:0.012):0.002):0.009):0.017,(((44:0.006,95:0.006):0.010,(26:0.015,(66:0.015,81:0.015):0.000):0.000):0.014,((80:0.005,(34:0.002,47:0.002):0.003):0.016,((73:0.010,(32:0.000,42:0.000):0.010):0.009,(37:0.016,(21:0.008,(64:0.004,96:0.004):0.004):0.008):0.003):0.001):0.010):0.009):0.025,(11:0.045,41:0.045):0.019):0.013):0.018):0.051):0.021):0.037,((((72:0.018,98:0.018):0.027,(((54:0.011,(71:0.001,(65:0.000,78:0.000):0.001):0.010):0.012,(35:0.016,70:0.016):0.008):0.018,((16:0.017,(13:0.004,77:0.004):0.012):0.014,(12:0.019,((28:0.011,74:0.011):0.007,(101:0.016,(24:0.006,86:0.006):0.010):0.001):0.001):0.012):0.011):0.004):0.015,(69:0.056,(48:0.013,(9:0.010,(94:0.008,(23:0.005,62:0.005):0.003):0.002):0.003):0.042):0.005):0.109,(14:0.136,(49:0.004,67:0.004):0.132):0.033):0.036):0.001):7.577);
segsites: 8
positions: 0.1242 0.1444 0.2441 0.4974 0.7152 0.8398 0.8511 0.9484 
01001101
10100010
10100010
10100010
10100010
10100010
10100010
10100010
10100010
10100010
10100010
10100010
10100010
10100010
10100010
10100010
10100010
10100010
10100010
10100010
10100010
10100010
10100010
10100010
10100010
10100010
10100010
10100010
10100010
10100010
10100010
10100010
10100010
10100010
10100010
10100010
10100010
10100010
10100010
10100010
10100010
10100010
10100010
10100010
10100010
10100010
10100010
10100010
10100010
10100010
10100010
10100010
10100010
10100010
10100010
10100010
10100010
10100010
10100010
10100010
10100010
10100010
10100010
10100010
10100010
10100010
10100010
10100010
10100010
10100010
10100010
10100010
10100010
10100010
10100010
10100010
10100010
10100010
10100010
10100010
10100010
10100010
10100010
10100010
10100010
10100010
10100010
10100010
10100010
10100010
10100010
10100010
10100010
10100010
10100010
10100010
10100010
10100010
10100010
10100010
10110010

//
(1:7.869,((5:0.043,(54:0.012,(85:0.010,(35:0.006,(2:0.004,73:0.004):0.002):0.004):0.002):0.030):0.208,((((3:0.021,(57:0.009,(14:0.002,24:0.002):0.007):0.012):0.109,((6:0.003,95:0.003):0.022,((29:0.005,50:0.005):0.020,((22:0.011,(38:0.000,(13:0.000,55:0.000):0.000):0.011):0.013,((31:0.004,52:0.004):0.009,(74:0.009,81:0.009):0.004):0.012):0.001):0.000):0.105):0.015,(((98:0.011,(32:0.001,86:0.001):0.010):0.063,(90:0.055,((99:0.005,(41:0.005,46:0.005):0.000):0.049,((76:0.013,(79:0.002,(61:0.000,62:0.000):0.002):0.011):0.030,((66:0.000,(16:0.000,53:0.000):0.000):0.013,(58:0.012,(23:0.003,101:0.003):0.009):0.001):0.029):0.012):0.000):0.019):0.070,(((89:0.046,(70:0.013,(21:0.002,42:0.002):0.011):0.033):0.019,((((64:0.004,91:0.004):0.007,(84:0.008,(43:0.000,(78:0.000,83:0.000):0.000):0.008):0.003):0.014,((51:0.002,72:0.002):0.017,((75:0.012,96:0.012):0.003,(49:0.015,(92:0.005,(11:0.002,33:0.002):0.003):0.010):0.001):0.004):0.006):0.032,((87:0.019,(36:0.016,(25:0.010,88:0.010):0.006):0.003):0.023,((19:0.012,39:0.012):0.027,(4:0.017,17:0.017):0.022):0.003):0.014):0.009):0.065,(7:0.104,((82:0.009,(20:0.004,((12:0.002,80:0.002):0.002,(48:0.002,77:0.002):0.001):0.001):0.004):0.058,((44:0.004,65:0.004):0.040,(28:0.037,((15:0.006,18:0.006):0.027,((68:0.007,(26:0.003,(59:0.000,71:0.000):0.002):0.004):0.005,(69:0.007,(27:0.002,93:0.002):0.006):0.004):0.022):0.003):0.007):0.023):0.038):0.026):0.014):0.000):0.051,(40:0.149,((67:0.031,(94:0.018,(56:0.009,60:0.009):0.009):0.013):0.068,(((45:0.002,63:0.002):0.015,(8:0.015,34:0.015):0.002):0.079,(37:0.053,(100:0.004,((47:0.002,(9:0.000,10:0.000):0.001):0.001,(30:0.002,97:0.002):0.000):0.002):0.049):0.043):0.003):0.050):0.046):0.056):7.618);
segsites: 10
positions: 0.0224 0.0694 0.2201 0.2656 0.2955 0.3076 0.3426 0.5898 0.7331 0.9990 
1100000010
0011110100
0001110100
0001110100
0001110100
0001110100
0001110100
0001110100
0001111100
0001111100
0001110100
0001110100
0001110100
0001110100
0001110100
0001110100
0001110100
0001110100
0001110100
0001110100
0001110100
0001110100
0001110100
0001110100
0001110100
0001110100
0001110100
0001110100
0001110100
0001111100
0001110100
0001110100
0001110100
0001110100
0011110100
0001110100
0001111100
0001110100
0001110100
0001110100
0001110100
0001110100
0001110100
0001110101
0001110100
0001110100
0001111100
0001110100
0001110100
0001110100
0001110100
0001110100
0001110100
0011110100
0001110100
0001110100
0001110100
0001110100
0001110100
0001110100
0001110100
0001110100
0001110100
0001110100
0001110101
0001110100
0001110100
0001110100
0001110100
0001110100
0001110100
0001110100
0011110100
0001110100
0001110100
0001110100
0001110100
0001110100
0001110100
0001110100
0001110100
0001110100
0001110100
0001110100
0011110100
0001110100
0001110100
0001110100
0001110100
0001110100
0001110100
0001110100
0001110100
0001110100
0001110100
0001110100
0001111100
0001110100
0001110100
0001111100
0001110100

//
(1:8.228,(((56:0.018,(42:0.005,94:0.005):0.013):0.019,(100:0.019,(61:0.001,65:0.001):0.018):0.017):0.185,(66:0.180,(((((31:0.004,90:0.004):0.052,((53:0.021,92:0.021):0.030,(34:0.027,64:0.027):0.023):0.005):0.037,((77:0.017,((15:0.004,(32:0.002,67:0.002):0.001):0.007,(62:0.004,(7:0.004,(10:0.000,80:0.000):0.004):0.000):0.006):0.007):0.039,((47:0.003,58:0.003):0.020,((33:0.000,87:0.000):0.011,(19:0.011,93:0.011):0.001):0.011):0.034):0.037):0.024,(83:0.102,(9:0.040,((5:0.000,18:0.000):0.006,(74:0.001,86:0.001):0.006):0.034):0.062):0.014):0.057,((((91:0.007,(101:0.004,(59:0.003,96:0.003):0.001):0.003):0.051,((13:0.018,73:0.018):0.014,((4:0.021,85:0.021):0.004,((50:0.001,89:0.001):0.022,(49:0.010,(30:0.002,76:0.002):0.008):0.012):0.002):0.007):0.027):0.066,(37:0.062,((12:0.001,60:0.001):0.019,(17:0.008,63:0.008):0.012):0.042):0.062):0.037,(((88:0.021,(68:0.001,78:0.001):0.019):0.011,((48:0.002,70:0.002):0.028,(72:0.025,(54:0.003,(21:0.000,98:0.000):0.002):0.022):0.005):0.002):0.096,(((25:0.036,39:0.036):0.041,((14:0.005,99:0.005):0.036,(51:0.028,(35:0.000,45:0.000):0.027):0.013):0.036):0.029,((((57:0.005,84:0.005):0.011,((44:0.011,(95:0.007,(36:0.003,(16:0.000,28:0.000):0.003):0.004):0.004):0.002,(55:0.012,((11:0.005,97:0.005):0.005,(27:0.007,((22:0.001,43:0.001):0.005,(3:0.004,38:0.004):0.001):0.002):0.002):0.003):0.001):0.003):0.020,((8:0.005,46:0.005):0.013,(52:0.013,(24:0.013,(29:0.003,69:0.003):0.010):0.000):0.005):0.017):0.064,(75:0.089,((79:0.016,(2:0.005,(26:0.004,(81:0.003,(20:0.003,(40:0.003,82:0.003):0.000):0.001):0.000):0.002):0.010):0.041,((6:0.000,41:0.000):0.021,(23:0.001,71:0.001):0.020):0.036):0.033):0.011):0.007):0.021):0.034):0.012):0.007):0.041):8.006);
segsites: 9
positions: 0.0947 0.1075 0.3126 0.3265 0.3347 0.4206 0.4963 0.5923 0.7048 
001011100
110100011
110100011
110100011
110100011
110100011
110100011
110100011
110100011
110100011
110100011
110100011
110100011
110100011
110100011
110100011
110100011
110100011
110100011
110100011
110100011
110100011
110100011
110100011
110100011
110100011
110100011
110100011
110100011
110100011
110100011
110100011
110100011
110100011
110100011
110100011
110100011
110100011
110100011
110100011
110100011
110100011
110100011
110100011
110100011
110100011
110100011
110100011
110100011
110100011
110100011
110100011
110100011
110100011
110100011
110100011
110100011
110100011
110100011
110100011
110100011
110100011
110100011
110100011
110100011
110100011
110100011
110100011
110100011
110100011
110100011
110100011
110100011
110100011
110100011
110100011
110100011
110100011
110100011
110100011
110100011
110100011
110100011
110100011
110100011
110100011
110100011
110100011
110100011
110100011
110100011
110100011
110100011
110100011
110100011
110100011
110100011
110100011
110100011
110100011
110100011

//
(1:8.342,((((37:0.001,92:0.001):0.022,(43:0.011,(53:0.009,75:0.009):0.003):0.012):0.140,((66:0.011,(26:0.009,(54:0.003,70:0.003):0.006):0.002):0.023,((58:0.002,95:0.002):0.026,(22:0.023,(29:0.002,77:0.002):0.020):0.005):0.007):0.129):0.049,((((49:0.006,(99:0.005,100:0.005):0.002):0.043,((18:0.006,(97:0.005,(57:0.003,85:0.003):0.002):0.001):0.013,(64:0.010,(6:0.006,(20:0.001,34:0.001):0.005):0.004):0.009):0.030):0.061,((((40:0.005,96:0.005):0.010,(80:0.007,(13:0.003,(28:0.002,88:0.002):0.001):0.004):0.008):0.026,(65:0.034,(59:0.013,(41:0.003,(44:0.002,81:0.002):0.001):0.010):0.021):0.007):0.037,(12:0.061,((2:0.000,84:0.000):0.045,(15:0.008,(16:0.007,(73:0.004,(32:0.002,(71:0.001,86:0.001):0.002):0.002):0.002):0.002):0.037):0.016):0.017):0.033):0.055,((((61:0.017,(55:0.003,83:0.003):0.014):0.045,((31:0.003,(3:0.000,69:0.000):0.003):0.021,(63:0.021,(23:0.011,(98:0.008,(10:0.005,52:0.005):0.003):0.003):0.009):0.004):0.037):0.019,(((51:0.004,(21:0.000,87:0.000):0.004):0.067,((17:0.008,(25:0.000,74:0.000):0.007):0.055,((46:0.016,79:0.016):0.040,((78:0.015,(60:0.005,(4:0.003,45:0.003):0.002):0.010):0.011,((42:0.009,(67:0.008,101:0.008):0.001):0.018,(27:0.013,33:0.013):0.013):0.001):0.030):0.006):0.009):0.005,(47:0.073,93:0.073):0.003):0.004):0.075,((8:0.095,(((38:0.014,39:0.014):0.014,(72:0.016,94:0.016):0.011):0.048,((7:0.009,(36:0.003,91:0.003):0.006):0.041,((56:0.012,90:0.012):0.006,(5:0.015,(14:0.002,24:0.002):0.013):0.002):0.032):0.026):0.019):0.030,((11:0.005,(19:0.003,48:0.003):0.002):0.093,((62:0.010,(82:0.002,(35:0.002,50:0.002):0.000):0.008):0.009,(9:0.015,((76:0.001,89:0.001):0.003,(30:0.004,68:0.004):0.000):0.010):0.004):0.080):0.026):0.030):0.011):0.046):8.131);
segsites: 10
positions: 0.0034 0.2018 0.2080 0.2279 0.2581 0.3299 0.5327 0.5388 0.8669 0.9750 
1110100101
0001000010
0001000010
0001000010
0001000010
0001000010
0001000010
0001000010
0001000010
0001000010
0001000010
0001000010
0001000010
0001000010
0001000010
0001000010
0001000010
0001000010
0001000010
0001000010
0001010010
0001000010
0001000010
0001000010
0001000010
0001000010
0001000010
0001000010
0001000010
0001000010
0001000010
0001000010
0001000010
0001000010
0001000010
0001000010
0001000010
0001000010
0001000010
0001000010
0001000010
0001001010
0001000010
0001000010
0001000010
0001000010
0001000010
0001000010
0001000010
0001000010
0001000010
0001000010
0001000010
0001000010
0001000010
0001000010
0001000010
0001000010
0001000010
0001000010
0001000010
0001000010
0001000010
0001000010
0001000010
0001000010
0001001010
0001000010
0001000010
0001000010
0001000010
0001000010
0001000010
0001000010
0001000010
0001000010
0001000010
0001000010
0001000010
0001000010
0001000010
0001000010
0001000010
0001000010
0001000010
0001000010
0001010010
0001000010
0001000010
0001000010
0001000010
0001000010
0001000010
0001000010
0001000010
0001000010
0001000010
0001000010
0001000010
0001000010
0001001010

//
(1:7.510,(((14:0.088,(45:0.016,(19:0.000,83:0.000):0.016):0.071):0.057,(((70:0.008,(11:0.000,76:0.000):0.008):0.018,(44:0.019,(20:0.009,(68:0.005,82:0.005):0.004):0.010):0.007):0.084,(((53:0.009,55:0.009):0.019,((97:0.009,(24:0.004,(89:0.002,92:0.002):0.001):0.006):0.006,(73:0.013,((56:0.001,85:0.001):0.004,(98:0.002,(22:0.002,51:0.002):0.000):0.003):0.008):0.002):0.013):0.058,(39:0.084,((48:0.008,((65:0.003,88:0.003):0.002,(66:0.003,(49:0.002,(10:0.001,62:0.001):0.002):0.001):0.001):0.003):0.018,(29:0.015,(2:0.002,3:0.002):0.014):0.010):0.059):0.002):0.024):0.034):0.105,((50:0.026,77:0.026):0.222,(((((52:0.005,100:0.005):0.005,((75:0.004,(21:0.000,33:0.000):0.004):0.005,(34:0.007,43:0.007):0.003):0.000):0.032,(78:0.011,(47:0.003,(9:0.001,101:0.001):0.002):0.007):0.031):0.100,(32:0.134,(((69:0.002,(28:0.000,42:0.000):0.002):0.018,((13:0.002,35:0.002):0.010,(23:0.008,(99:0.004,(25:0.002,95:0.002):0.002):0.004):0.004):0.008):0.090,(((60:0.006,(38:0.005,81:0.005):0.002):0.036,((41:0.010,(6:0.001,96:0.001):0.009):0.018,((8:0.001,64:0.001):0.026,(31:0.009,((5:0.000,61:0.000):0.007,(12:0.005,58:0.005):0.002):0.001):0.017):0.001):0.015):0.017,(57:0.046,(79:0.015,(27:0.009,93:0.009):0.006):0.031):0.015):0.050):0.024):0.008):0.019,(94:0.155,((((71:0.000,72:0.000):0.012,(36:0.002,(40:0.002,67:0.002):0.000):0.010):0.012,(4:0.022,7:0.022):0.002):0.053,(26:0.062,(84:0.049,((59:0.021,((54:0.014,91:0.014):0.004,(63:0.015,80:0.015):0.002):0.004):0.017,((15:0.013,74:0.013):0.011,(16:0.024,((30:0.016,((37:0.001,46:0.001):0.013,(17:0.004,(18:0.003,87:0.003):0.001):0.009):0.002):0.007,(86:0.020,90:0.020):0.003):0.001):0.001):0.013):0.012):0.013):0.015):0.079):0.006):0.087):0.001):7.261);
segsites: 6
positions: 0.1932 0.5106 0.5869 0.6019 0.6591 0.6900 
000110
111000
111000
111000
111000
111000
111000
111000
111000
111000
111000
111000
111000
111000
111000
111000
111000
111000
111000
111000
111000
111000
111000
111000
111000
111000
111000
111000
111000
111000
111000
111000
111000
111000
111000
111000
111000
111000
111000
111000
111000
111000
111000
111000
111000
111000
111000
111000
111000
111001
111000
111000
111000
111000
111000
111000
111000
111000
111000
111000
111000
111000
111000
111000
111000
111000
111000
111000
111000
111000
111000
111000
111000
111000
111000
111000
111001
111000
111000
111000
111000
111000
111000
111000
111000
111000
111000
111000
111000
111000
111000
111000
111000
111000
111000
111000
111000
111000
111000
111000
111000

//
(1:8.632,(((((58:0.003,(23:0.002,(27:0.002,56:0.002):0.000):0.001):0.002,(3:0.003,77:0.003):0.002):0.056,(16:0.047,(9:0.029,((11:0.009,(45:0.007,51:0.007):0.003):0.010,(36:0.018,(60:0.008,(72:0.003,95:0.003):0.004):0.011):0.001):0.009):0.018):0.014):0.138,((70:0.149,(96:0.004,(94:0.003,(42:0.003,(41:0.001,69:0.001):0.002):0.001):0.000):0.146):0.023,(21:0.163,(53:0.076,(((12:0.006,(20:0.006,99:0.006):0.001):0.009,(82:0.007,(37:0.006,(46:0.001,89:0.001):0.005):0.001):0.008):0.019,((8:0.002,83:0.002):0.031,((28:0.020,67:0.020):0.010,(((14:0.001,17:0.001):0.010,(90:0.010,(75:0.008,81:0.008):0.001):0.001):0.015,((61:0.002,73:0.002):0.013,(13:0.003,((50:0.000,54:0.000):0.003,(74:0.003,101:0.003):0.000):0.000):0.012):0.011):0.005):0.003):0.000):0.043):0.087):0.010):0.026):0.011,((((48:0.018,80:0.018):0.095,((63:0.015,(18:0.010,(47:0.004,(6:0.000,66:0.000):0.004):0.006):0.006):0.032,((34:0.010,57:0.010):0.037,(84:0.014,(22:0.011,(97:0.011,((2:0.001,91:0.001):0.007,(64:0.006,(100:0.003,((15:0.001,(7:0.000,31:0.000):0.001):0.002,(59:0.001,(25:0.001,40:0.001):0.000):0.001):0.000):0.003):0.002):0.003):0.001):0.002):0.033):0.001):0.066):0.040,((4:0.009,(26:0.004,87:0.004):0.005):0.120,(30:0.027,(65:0.004,(88:0.002,(78:0.002,(10:0.001,38:0.001):0.001):0.000):0.002):0.024):0.101):0.025):0.053,((68:0.033,((29:0.006,(39:0.000,93:0.000):0.006):0.011,(79:0.011,(92:0.008,(71:0.003,(24:0.002,49:0.002):0.001):0.005):0.003):0.006):0.015):0.148,((98:0.019,(62:0.012,(19:0.007,(35:0.002,86:0.002):0.006):0.005):0.007):0.059,((55:0.020,(5:0.001,76:0.001):0.019):0.054,((43:0.003,85:0.003):0.021,((32:0.001,33:0.001):0.004,(44:0.002,52:0.002):0.002):0.019):0.051):0.004):0.103):0.026):0.003):8.422);
segsites: 7
positions: 0.1053 0.5301 0.5524 0.6447 0.7703 0.8821 0.9122 
1110110
0000001
0000001
0000001
0000001
0000001
0000001
0000001
0000001
0000001
0000001
0001001
0000001
0000001
0000001
0000001
0000001
0000001
0000001
0001001
0000001
0000001
0000001
0000001
0000001
0000001
0000001
0000001
0000001
0000001
0000001
0000001
0000001
0000001
0000001
0000001
0001001
0000001
0000001
0000001
0000001
0000001
0000001
0000001
0000001
0001001
0000001
0000001
0000001
0000001
0000001
0000001
0000001
0000001
0000001
0000001
0000001
0000001
0000001
0000001
0000001
0000001
0000001
0000001
0000001
0000001
0000001
0000001
0000001
0000001
0000001
0000001
0000001
0000001
0000001
0000001
0000001
0000001
0000001
0000001
0000001
0001001
0000001
0000001
0000001
0000001
0000001
0000001
0001001
0000001
0000001
0000001
0000001
0000001
0000001
0000001
0000001
0000001
0001001
0000001
0000001

//
(1:11.282,(((48:0.124,(7:0.084,((92:0.032,((45:0.012,64:0.012):0.009,(55:0.015,((15:0.011,(28:0.001,90:0.001):0.010):0.003,(39:0.014,(4:0.001,40:0.001):0.012):0.001):0.000):0.007):0.010):0.009,((79:0.003,(84:0.003,(10:0.000,94:0.000):0.002):0.001):0.034,((95:0.003,(68:0.000,81:0.000):0.003):0.019,((16:0.002,101:0.002):0.018,(44:0.015,(3:0.013,75:0.013):0.003):0.005):0.002):0.015):0.003):0.044):0.039):0.074,(((9:0.001,89:0.001):0.115,((26:0.003,(31:0.000,66:0.000):0.003):0.027,((21:0.006,38:0.006):0.004,(23:0.007,76:0.007):0.003):0.020):0.086):0.079,((54:0.008,(32:0.005,(25:0.003,78:0.003):0.002):0.003):0.187,((70:0.016,(65:0.014,(18:0.001,77:0.001):0.013):0.002):0.045,(93:0.041,(22:0.001,(51:0.000,72:0.000):0.001):0.040):0.020):0.133):0.001):0.003):0.060,(((61:0.009,(24:0.005,97:0.005):0.004):0.049,((33:0.016,((20:0.002,46:0.002):0.009,(49:0.011,67:0.011):0.000):0.005):0.019,((11:0.029,(82:0.013,(59:0.005,(17:0.004,34:0.004):0.001):0.008):0.016):0.005,(((12:0.006,80:0.006):0.009,(74:0.010,(8:0.003,43:0.003):0.007):0.006):0.014,(((2:0.000,62:0.000):0.018,(96:0.009,((41:0.001,(37:0.001,83:0.001):0.000):0.004,(14:0.004,(86:0.001,98:0.001):0.003):0.001):0.004):0.009):0.009,(100:0.024,(47:0.016,((99:0.001,(69:0.000,87:0.000):0.000):0.000,(50:0.001,((30:0.000,53:0.000):0.001,(52:0.000,57:0.000):0.000):0.000):0.000):0.015):0.008):0.004):0.002):0.004):0.001):0.024):0.166,(((29:0.003,(35:0.002,88:0.002):0.001):0.006,(6:0.004,(36:0.003,42:0.003):0.001):0.004):0.158,((58:0.011,(5:0.010,73:0.010):0.000):0.126,((13:0.072,(60:0.058,(91:0.037,(19:0.027,27:0.027):0.011):0.021):0.014):0.063,(56:0.094,(63:0.024,(71:0.023,85:0.023):0.001):0.070):0.042):0.001):0.030):0.058):0.033):11.024);
segsites: 7
positions: 0.0783 0.2101 0.2384 0.2810 0.6250 0.8707 0.9194 
1111100
0000010
0000010
0000010
0000010
0000010
0000010
0000010
0000010
0000010
0000010
0000010
0000010
0000010
0000010
0000010
0000010
0000010
0000010
0000010
0000010
0000010
0000010
0000010
0000010
0000010
0000010
0000010
0000010
0000010
0000010
0000010
0000010
0000010
0000010
0000010
0000010
0000011
0000010
0000010
0000010
0000010
0000010
0000010
0000010
0000010
0000010
0000010
0000010
0000010
0000010
0000010
0000010
0000010
0000010
0000010
0000010
0000010
0000010
0000010
0000010
0000010
0000010
0000010
0000010
0000010
0000010
0000010
0000010
0000010
0000010
0000010
0000010
0000010
0000010
0000010
0000010
0000010
0000010
0000010
0000010
0000010
0000010
0000010
0000010
0000010
0000010
0000010
0000010
0000010
0000010
0000010
0000010
0000010
0000010
0000010
0000010
0000010
0000010
0000010
0000010

//
(1:8.325,((((((2:0.001,101:0.001):0.004,(83:0.001,86:0.001):0.004):0.019,(5:0.008,60:0.008):0.016):0.105,((95:0.031,((10:0.003,(4:0.002,66:0.002):0.001):0.026,(28:0.012,50:0.012):0.016):0.002):0.076,(20:0.048,((47:0.007,(31:0.005,46:0.005):0.003):0.009,(22:0.008,74:0.008):0.008):0.031):0.058):0.022):0.049,(((71:0.017,(63:0.004,89:0.004):0.013):0.023,(23:0.032,(34:0.027,99:0.027):0.005):0.008):0.089,((93:0.057,(((56:0.002,69:0.002):0.031,((72:0.008,79:0.008):0.018,(52:0.016,(42:0.013,(61:0.005,(6:0.001,80:0.001):0.005):0.008):0.003):0.010):0.007):0.019,((19:0.001,85:0.001):0.038,(16:0.007,21:0.007):0.033):0.013):0.005):0.061,(24:0.090,((18:0.027,(26:0.000,75:0.000):0.027):0.057,((55:0.012,(7:0.011,(36:0.009,(57:0.003,65:0.003):0.005):0.002):0.001):0.071,((35:0.007,(54:0.003,(11:0.003,77:0.003):0.001):0.004):0.028,(100:0.009,((76:0.004,(51:0.000,64:0.000):0.003):0.004,(88:0.006,(25:0.003,37:0.003):0.002):0.002):0.001):0.027):0.047):0.001):0.006):0.027):0.011):0.049):0.049,(((45:0.020,(14:0.016,(97:0.010,(17:0.002,(9:0.000,91:0.000):0.002):0.008):0.006):0.004):0.077,((44:0.017,(12:0.004,(53:0.004,(41:0.003,(8:0.001,30:0.001):0.002):0.001):0.001):0.012):0.042,((82:0.003,(43:0.003,68:0.003):0.000):0.029,(98:0.012,(59:0.003,(48:0.001,87:0.001):0.002):0.009):0.020):0.027):0.038):0.118,(((13:0.006,(29:0.000,78:0.000):0.005):0.052,(38:0.048,(84:0.022,(39:0.006,58:0.006):0.016):0.025):0.011):0.130,(((32:0.001,67:0.001):0.022,(15:0.012,(92:0.002,94:0.002):0.010):0.011):0.142,((49:0.022,(62:0.017,(33:0.001,73:0.001):0.016):0.005):0.047,((96:0.011,(81:0.003,90:0.003):0.008):0.014,(27:0.015,(40:0.004,(3:0.001,70:0.001):0.003):0.011):0.011):0.044):0.096):0.024):0.027):0.011):8.098);
segsites: 5
positions: 0.0288 0.2778 0.5789 0.7378 0.7723 
00001
01110
01110
01110
01110
01110
01110
01110
01110
01110
01110
01110
01110
01110
11110
01110
01110
01110
01110
01110
01110
01110
01110
01110
01110
01110
01110
01110
01110
01110
01110
11110
01110
01110
01110
01110
01110
01110
01110
01110
01110
01110
01110
01110
01110
01110
01110
01110
01110
01110
01110
01110
01110
01110
01110
01110
01110
01110
01110
01110
01110
01110
01110
01110
01110
01110
11110
01110
01110
01110
01110
01110
01110
01110
01110
01110
01110
01110
01110
01110
01110
01110
01110
01110
01110
01110
01110
01110
01110
01110
01110
11110
01110
11110
01110
01110
01110
01110
01110
01110
01110

//
(1:8.740,((79:0.164,((33:0.018,(31:0.016,58:0.016):0.002):0.069,(((70:0.001,80:0.001):0.010,(17:0.009,(39:0.006,(95:0.004,101:0.004):0.002):0.003):0.002):0.042,(((20:0.002,97:0.002):0.019,(67:0.004,(9:0.002,55:0.002):0.002):0.017):0.013,((78:0.010,92:0.010):0.020,(32:0.016,99:0.016):0.014):0.004):0.019):0.034):0.077):0.061,((((62:0.002,81:0.002):0.050,(34:0.024,(21:0.005,88:0.005):0.019):0.028):0.103,(((4:0.004,(27:0.003,64:0.003):0.001):0.019,((18:0.000,48:0.000):0.018,(10:0.008,50:0.008):0.010):0.005):0.103,(((43:0.011,46:0.011):0.016,(11:0.020,96:0.020):0.008):0.085,(((37:0.002,63:0.002):0.036,(71:0.021,(75:0.002,87:0.002):0.019):0.017):0.035,((93:0.006,94:0.006):0.063,(44:0.011,(7:0.006,42:0.006):0.005):0.057):0.004):0.040):0.014):0.029):0.054,(((69:0.018,(49:0.015,((24:0.002,98:0.002):0.010,((3:0.000,72:0.000):0.004,(2:0.001,25:0.001):0.004):0.008):0.003):0.003):0.020,((14:0.014,47:0.014):0.010,(30:0.016,(29:0.011,(36:0.007,76:0.007):0.004):0.005):0.009):0.013):0.127,((((28:0.003,74:0.003):0.018,(73:0.017,(66:0.005,(53:0.001,61:0.001):0.004):0.012):0.004):0.050,(5:0.023,19:0.023):0.047):0.042,(((8:0.000,(6:0.000,15:0.000):0.000):0.053,((22:0.000,84:0.000):0.042,(40:0.016,(26:0.015,59:0.015):0.001):0.026):0.010):0.039,((23:0.000,60:0.000):0.072,((12:0.007,(51:0.001,77:0.001):0.006):0.037,(((41:0.005,(52:0.004,(13:0.003,16:0.003):0.001):0.001):0.015,((38:0.002,56:0.002):0.015,(54:0.003,91:0.003):0.015):0.002):0.015,(82:0.028,((65:0.004,(90:0.003,(89:0.003,(45:0.001,100:0.001):0.002):0.000):0.001):0.021,((57:0.001,83:0.001):0.018,(68:0.012,(85:0.006,(35:0.005,86:0.005):0.001):0.006):0.007):0.007):0.003):0.006):0.009):0.028):0.021):0.020):0.052):0.044):0.017):8.515);
segsites: 12
positions: 0.1311 0.1592 0.1645 0.1677 0.2482 0.3139 0.3482 0.3581 0.5897 0.7731 0.8022 0.8521 
001100010010
110010101101
110010101101
110010101101
110010101101
110010101101
110010101101
110010101101
110010101101
110010101101
110010101101
110010101101
110010101101
110010101101
110010101101
110010101101
110010101101
110010101101
110010101101
110010101101
110010101101
110010101101
110010101101
110010101101
110010101101
110010101101
110010101101
110010101101
110010101101
110010101101
110010101101
110010101101
110010101101
110010101101
110010101101
110010101101
110010101101
110010101101
110010101101
110010101101
110010101101
110010101101
110010101101
110010101101
110010101101
110010101101
110010101101
110010101101
110010101101
110010101101
110010101101
110010101101
110010101101
110010101101
110010101101
110010101101
110010101101
110010101101
110010101101
110010101101
110010101101
110010101101
110010101101
110010101101
110010101101
110010101101
110010101101
110010101101
110010101101
110010101101
110010101101
110010101101
110010101101
110010101101
110010101101
110010101101
110010101101
110010101101
110011101101
110010101101
110010101101
110010101101
110010101101
110010101101
110010101101
110010101101
110010101101
110010101101
110010101101
110010101101
110010101101
110010101101
110010101101
110010101101
110010101101
110010101101
110010101101
110010101101
110010101101
110010101101
110010101101

//
(1:7.729,((((11:0.023,(26:0.000,92:0.000):0.023):0.043,(((10:0.001,17:0.001):0.014,(32:0.001,90:0.001):0.014):0.015,(98:0.019,(93:0.009,(45:0.001,68:0.001):0.008):0.010):0.011):0.036):0.129,(83:0.183,((51:0.063,(35:0.004,(82:0.001,(25:0.001,42:0.001):0.001):0.003):0.059):0.017,((100:0.005,(12:0.004,66:0.004):0.001):0.069,(85:0.013,(81:0.012,(40:0.006,(46:0.006,(95:0.004,(44:0.003,(31:0.002,60:0.002):0.000):0.001):0.003):0.000):0.005):0.002):0.060):0.006):0.103):0.012):0.034,(((((((71:0.013,(73:0.003,(47:0.003,(2:0.001,14:0.001):0.002):0.000):0.009):0.018,((15:0.000,19:0.000):0.019,(18:0.011,((23:0.001,50:0.001):0.009,((87:0.000,94:0.000):0.010,(56:0.003,72:0.003):0.007):0.000):0.001):0.008):0.012):0.004,(((27:0.001,89:0.001):0.019,(63:0.008,69:0.008):0.011):0.015,(84:0.022,(52:0.011,(6:0.003,28:0.003):0.007):0.011):0.013):0.001):0.060,((37:0.005,77:0.005):0.055,((74:0.009,(36:0.002,97:0.002):0.006):0.012,(9:0.013,((22:0.001,34:0.001):0.005,(33:0.005,67:0.005):0.002):0.006):0.008):0.039):0.036):0.007,((64:0.007,86:0.007):0.091,(((((29:0.003,59:0.003):0.011,(38:0.006,91:0.006):0.008):0.008,(58:0.014,80:0.014):0.007):0.012,(70:0.025,(39:0.007,(49:0.002,78:0.002):0.005):0.018):0.008):0.057,(16:0.034,(41:0.004,99:0.004):0.031):0.056):0.007):0.005):0.036,((30:0.062,(3:0.004,57:0.004):0.058):0.043,(((88:0.005,101:0.005):0.026,(24:0.015,(21:0.004,75:0.004):0.011):0.016):0.037,(5:0.035,(53:0.030,(7:0.006,76:0.006):0.024):0.005):0.033):0.038):0.034):0.056,((13:0.008,43:0.008):0.153,(65:0.054,((48:0.008,(62:0.007,79:0.007):0.001):0.007,((8:0.003,(4:0.000,55:0.000):0.003):0.007,(96:0.006,(20:0.002,(54:0.002,61:0.002):0.000):0.004):0.004):0.005):0.039):0.107):0.034):0.033):7.500);
segsites: 4
positions: 0.1323 0.3196 0.4582 0.8931 
0011
1000
1000
1000
1000
1000
1000
1000
1000
1100
1000
1000
1000
1000
1000
1000
1100
1000
1000
1000
1000
1000
1000
1000
1000
1000
1000
1000
1000
1000
1000
1100
1000
1000
1000
1000
1000
1000
1000
1000
1000
1000
1000
1000
1100
1000
1000
1000
1000
1000
1000
1000
1000
1000
1000
1000
1000
1000
1000
1000
1000
1000
1000
1000
1000
1000
1000
1100
1000
1000
1000
1000
1000
1000
1000
1000
1000
1000
1000
1000
1000
1000
1000
1000
1000
1000
1000
1000
1000
1100
1000
1000
1100
1000
1000
1000
1000
1100
1000
1000
1000

//
(1:7.876,(((((24:0.003,27:0.003):0.048,((14:0.007,(61:0.000,85:0.000):0.006):0.019,(15:0.022,(4:0.003,83:0.003):0.019):0.004):0.025):0.046,((10:0.004,(16:0.001,51:0.001):0.003):0.052,((56:0.001,(79:0.001,(37:0.001,78:0.001):0.000):0.001):0.012,(28:0.002,58:0.002):0.012):0.043):0.041):0.103,(((22:0.005,63:0.005):0.042,(100:0.036,(59:0.005,81:0.005):0.031):0.011):0.070,(31:0.071,(52:0.003,64:0.003):0.068):0.046):0.083):0.021,(((((21:0.006,65:0.006):0.010,(40:0.007,72:0.007):0.009):0.011,(92:0.025,(86:0.007,(74:0.004,82:0.004):0.004):0.018):0.002):0.014,((76:0.015,(20:0.007,43:0.007):0.009):0.022,(62:0.023,((44:0.001,49:0.001):0.019,((18:0.016,(((3:0.001,47:0.001):0.007,(75:0.001,95:0.001):0.006):0.006,((6:0.002,(26:0.002,46:0.002):0.001):0.009,(35:0.007,(12:0.004,(32:0.001,54:0.001):0.003):0.003):0.005):0.003):0.002):0.002,(50:0.018,(70:0.002,96:0.002):0.016):0.000):0.002):0.003):0.014):0.004):0.162,((((67:0.033,((29:0.008,(17:0.001,60:0.001):0.007):0.016,(68:0.016,((38:0.002,(34:0.000,89:0.000):0.002):0.008,(84:0.003,(5:0.002,71:0.002):0.000):0.007):0.006):0.007):0.010):0.025,(36:0.043,(53:0.012,(30:0.005,88:0.005):0.007):0.031):0.016):0.007,(41:0.063,(33:0.038,69:0.038):0.024):0.002):0.084,((((55:0.004,(80:0.002,(93:0.001,(48:0.001,(7:0.000,42:0.000):0.000):0.000):0.001):0.002):0.013,(11:0.013,(77:0.011,(2:0.002,101:0.002):0.010):0.002):0.004):0.085,(94:0.053,(99:0.034,(23:0.009,87:0.009):0.025):0.018):0.050):0.035,((9:0.014,25:0.014):0.103,(90:0.056,((39:0.004,(91:0.003,98:0.003):0.000):0.038,(66:0.022,(57:0.021,((73:0.005,(13:0.000,(8:0.000,45:0.000):0.000):0.004):0.012,(19:0.012,97:0.012):0.005):0.004):0.001):0.019):0.015):0.061):0.020):0.012):0.054):0.018):7.655);
segsites: 9
positions: 0.0194 0.2399 0.2542 0.3276 0.4325 0.5239 0.8264 0.9151 0.9455 
001101100
010000011
010000011
010000011
010000011
010000011
010000011
010000011
010000011
010000011
010000011
010000011
010000011
010000011
010000011
010000011
010000011
010000011
010000011
010000011
010000011
010000011
010000011
010000011
010000011
010000011
010000011
010000011
010000011
010000011
010000011
010000011
010000011
010000011
010000011
010000011
010000011
010000011
010000011
010000011
010000011
010000011
010000011
010000011
010000011
010000011
010000011
010000011
010000011
010000011
010000011
010000011
010000011
010000011
010000011
010000011
010000011
010000011
110000011
010000011
010000011
010000011
010000011
010000011
010000011
010000011
010000011
010000011
010000011
010000011
010000011
010000011
010000011
010000011
010000011
010000011
010000011
010000011
010000011
010000011
110000011
010000011
010000011
010000011
010000011
010000011
010000011
010000011
010000011
010000011
010000011
010010011
010000011
010000011
010000011
010000011
010000011
010000011
010000011
110000011
010000011

//
(1:8.747,((((26:0.000,46:0.000):0.033,(31:0.016,(69:0.010,80:0.010):0.006):0.018):0.127,((((((56:0.002,64:0.002):0.001,(52:0.002,101:0.002):0.001):0.013,(51:0.007,76:0.007):0.008):0.009,(36:0.016,(37:0.009,((3:0.004,4:0.004):0.002,(18:0.005,32:0.005):0.002):0.002):0.007):0.008):0.080,((29:0.006,(87:0.002,(68:0.001,83:0.001):0.001):0.005):0.035,((14:0.000,44:0.000):0.010,(58:0.004,95:0.004):0.007):0.030):0.063):0.054,(((24:0.001,98:0.001):0.092,(99:0.021,(55:0.007,62:0.007):0.014):0.072):0.052,((13:0.045,((28:0.007,(16:0.005,27:0.005):0.003):0.031,((2:0.003,(21:0.000,41:0.000):0.003):0.024,(((35:0.001,73:0.001):0.009,(39:0.002,42:0.002):0.008):0.015,(77:0.020,(50:0.005,54:0.005):0.015):0.005):0.003):0.010):0.007):0.093,(((7:0.056,((65:0.006,(20:0.004,((40:0.000,85:0.000):0.002,(49:0.000,81:0.000):0.002):0.002):0.001):0.027,(72:0.014,92:0.014):0.019):0.024):0.014,((((25:0.004,48:0.004):0.040,(33:0.019,(97:0.007,(9:0.006,71:0.006):0.001):0.012):0.026):0.004,((47:0.004,78:0.004):0.041,(((19:0.006,(30:0.003,66:0.003):0.002):0.006,(79:0.009,((10:0.000,23:0.000):0.005,(11:0.003,(45:0.002,89:0.002):0.000):0.002):0.004):0.002):0.024,((59:0.004,94:0.004):0.022,(100:0.014,(38:0.006,74:0.006):0.007):0.012):0.009):0.010):0.004):0.021,(67:0.067,((60:0.019,93:0.019):0.045,(90:0.046,(17:0.024,(43:0.017,(57:0.001,63:0.001):0.016):0.007):0.022):0.018):0.004):0.002):0.001):0.038,(6:0.096,(61:0.022,((53:0.002,84:0.002):0.007,(88:0.006,(22:0.003,(75:0.003,96:0.003):0.000):0.003):0.003):0.013):0.074):0.013):0.029):0.007):0.013):0.003):0.090,(12:0.210,(8:0.017,((82:0.011,(34:0.003,91:0.003):0.007):0.003,(86:0.013,(70:0.010,(5:0.010,15:0.010):0.000):0.003):0.001):0.002):0.193):0.041):8.497);
segsites: 5
positions: 0.1503 0.1599 0.6871 0.7062 0.8356 
01000
00001
00011
00011
00001
00001
00001
00001
00001
00001
00001
00001
00001
00011
00001
00001
00001
00011
00001
00001
00001
00001
00001
00001
00001
00001
00001
00001
00011
00001
00001
00011
00001
00001
00001
00011
00011
00001
00001
00001
00001
00001
00001
00011
00001
00001
00001
00001
00001
00001
00011
00011
00001
00001
10001
00011
00001
00011
00001
00001
00001
10001
00001
00011
00001
00001
00001
00011
00001
00001
00001
00001
00001
00001
00001
00011
00001
00001
00001
00001
00001
00001
00011
00001
00001
00001
00011
00001
00001
00001
00001
00101
00001
00001
00011
00001
00001
00001
10001
00001
00011

//
(1:7.906,(((((64:0.011,(4:0.011,(8:0.001,60:0.001):0.010):0.000):0.029,(82:0.025,(56:0.012,96:0.012):0.014):0.015):0.098,(7:0.102,((44:0.009,(70:0.008,(3:0.004,35:0.004):0.004):0.002):0.060,(93:0.052,(37:0.045,((46:0.004,(11:0.004,54:0.004):0.001):0.004,((20:0.000,69:0.000):0.006,(74:0.002,85:0.002):0.004):0.002):0.037):0.007):0.017):0.033):0.036):0.023,(((63:0.062,(81:0.059,(62:0.024,((80:0.009,(39:0.003,(77:0.001,(50:0.001,83:0.001):0.000):0.002):0.006):0.010,(55:0.010,(47:0.006,(68:0.004,(26:0.002,75:0.002):0.001):0.002):0.004):0.009):0.006):0.035):0.003):0.033,(((45:0.019,(29:0.002,99:0.002):0.017):0.018,(9:0.019,(5:0.003,12:0.003):0.016):0.018):0.056,(84:0.053,(33:0.008,58:0.008):0.045):0.040):0.002):0.060,((2:0.003,38:0.003):0.101,((((30:0.005,(79:0.004,(49:0.001,100:0.001):0.003):0.001):0.011,(23:0.014,(73:0.009,(67:0.005,(88:0.004,(42:0.001,91:0.001):0.003):0.001):0.003):0.006):0.002):0.007,(((6:0.003,(19:0.000,86:0.000):0.003):0.004,(14:0.005,21:0.005):0.002):0.011,(43:0.007,89:0.007):0.011):0.005):0.049,((25:0.011,28:0.011):0.054,(((13:0.003,(15:0.002,(51:0.001,95:0.001):0.001):0.001):0.036,(92:0.014,(65:0.012,97:0.012):0.003):0.024):0.005,(((10:0.003,(17:0.002,94:0.002):0.001):0.003,(57:0.006,101:0.006):0.000):0.036,((59:0.033,(52:0.001,87:0.001):0.032):0.008,((31:0.023,(24:0.002,72:0.002):0.021):0.017,(40:0.031,(((36:0.002,48:0.002):0.008,(27:0.004,53:0.004):0.006):0.019,(16:0.022,61:0.022):0.007):0.002):0.009):0.001):0.001):0.001):0.021):0.008):0.032):0.050):0.007):0.059,(((76:0.000,98:0.000):0.027,(41:0.003,78:0.003):0.025):0.158,(32:0.047,(90:0.026,(66:0.020,((18:0.001,22:0.001):0.013,(34:0.003,71:0.003):0.011):0.006):0.007):0.020):0.139):0.035):7.686);
segsites: 4
positions: 0.1991 0.8911 0.9220 0.9901 
0101
1010
1010
1010
1010
1010
1010
1010
1010
1010
1010
1010
1010
1010
1010
1010
1010
1010
1010
1010
1010
1010
1010
1010
1010
1010
1010
1010
1010
1010
1010
1010
1010
1010
1010
1010
1010
1010
1010
1010
1010
1010
1010
1010
1010
1010
1010
1010
1010
1010
1010
1010
1010
1010
1010
1010
1010
1010
1010
1010
1010
1010
1010
1010
1010
1010
1010
1010
1010
1010
1010
1010
1010
1010
1010
1010
1010
1010
1010
1010
1010
1010
1010
1010
1010
1010
1010
1010
1010
1010
1010
1010
1010
1010
1010
1010
1010
1010
1010
1010
1010

//
(1:7.998,((((20:0.002,45:0.002):0.085,((7:0.003,(26:0.003,85:0.003):0.000):0.027,(((40:0.008,(49:0.007,(101:0.006,(54:0.004,66:0.004):0.002):0.001):0.001):0.005,((25:0.004,63:0.004):0.007,(44:0.006,56:0.006):0.005):0.002):0.009,((4:0.002,82:0.002):0.018,((60:0.004,61:0.004):0.009,(9:0.007,11:0.007):0.006):0.007):0.001):0.008):0.057):0.018,((50:0.034,(75:0.032,((18:0.003,74:0.003):0.012,(62:0.013,(16:0.000,77:0.000):0.012):0.003):0.016):0.002):0.059,(((12:0.005,55:0.005):0.030,((83:0.008,(5:0.005,22:0.005):0.003):0.012,(64:0.011,(30:0.008,(39:0.001,76:0.001):0.007):0.003):0.008):0.015):0.039,((17:0.026,((96:0.005,(88:0.000,95:0.000):0.005):0.011,(100:0.008,(58:0.005,((13:0.001,38:0.001):0.003,(8:0.003,19:0.003):0.000):0.001):0.003):0.009):0.010):0.042,((43:0.001,91:0.001):0.036,(86:0.021,((67:0.005,89:0.005):0.012,(35:0.008,36:0.008):0.010):0.004):0.016):0.031):0.006):0.019):0.012):0.067,((((41:0.002,72:0.002):0.020,((15:0.001,59:0.001):0.016,(21:0.012,(87:0.004,(48:0.002,65:0.002):0.003):0.008):0.005):0.005):0.058,(31:0.030,(47:0.013,68:0.013):0.017):0.050):0.090,((42:0.103,(((71:0.007,92:0.007):0.032,((24:0.014,(70:0.011,(2:0.011,(6:0.010,84:0.010):0.001):0.001):0.003):0.011,((10:0.010,53:0.010):0.004,(79:0.012,(73:0.003,(57:0.000,78:0.000):0.003):0.010):0.002):0.011):0.014):0.058,((51:0.005,(14:0.003,37:0.003):0.002):0.064,(80:0.046,(34:0.021,(33:0.019,((3:0.001,97:0.001):0.015,(23:0.009,46:0.009):0.007):0.002):0.002):0.025):0.023):0.029):0.006):0.016,((27:0.001,29:0.001):0.113,(((81:0.002,94:0.002):0.024,(90:0.011,(32:0.009,(99:0.009,(93:0.002,98:0.002):0.007):0.000):0.002):0.016):0.052,(69:0.077,(28:0.011,52:0.011):0.066):0.001):0.035):0.005):0.051):0.002):7.825);
segsites: 4
positions: 0.3412 0.6183 0.7519 0.9188 
1010
0101
0101
0101
0101
0101
0101
0101
0101
0101
0101
0101
0101
0101
0101
0101
0101
0101
0101
0101
0101
0101
0101
0101
0101
0101
0101
0101
0101
0101
0101
0101
0101
0101
0101
0101
0101
0101
0101
0101
0101
0101
0101
0101
0101
0101
0101
0101
0101
0101
0101
0101
0101
0101
0101
0101
0101
0101
0101
0101
0101
0101
0101
0101
0101
0101
0101
0101
0101
0101
0101
0101
0101
0101
0101
0101
0101
0101
0101
0101
0101
0101
0101
0101
0101
0101
0101
0101
0101
0101
0101
0101
0101
0101
0101
0101
0101
0101
0101
0101
0101
